                      :-) GROMACS - gmx mdrun, 2024.1 (-:

Copyright 1991-2024 The GROMACS Authors.
GROMACS is free software; you can redistribute it and/or modify it
under the terms of the GNU Lesser General Public License
as published by the Free Software Foundation; either version 2.1
of the License, or (at your option) any later version.

                         Current GROMACS contributors:
       Mark Abraham           Andrey Alekseenko           Vladimir Basov      
      Cathrine Bergh            Eliane Briand               Ania Brown        
      Mahesh Doijade            Giacomo Fiorin          Stefan Fleischmann    
      Sergey Gorelov         Gilles Gouaillardet            Alan Gray         
     M. Eric Irrgang         Farzaneh Jalalypour            Joe Jordan        
     Carsten Kutzner           Justin A. Lemkul          Magnus Lundborg      
       Pascal Merz              Vedran Miletic            Dmitry Morozov      
       Julien Nabet              Szilard Pall        Andrea Pasquadibisceglie 
    Michele Pellegrino          Hubert Santuz             Roland Schulz       
     Tatiana Shugaeva          Alexey Shvetsov            Philip Turner       
     Alessandra Villa      Sebastian Wingbermuehle  

                         Previous GROMACS contributors:
        Emile Apol             Rossen Apostolov           James Barnett       
        Paul Bauer          Herman J.C. Berendsen          Par Bjelkmar       
      Christian Blau          Viacheslav Bolnykh            Kevin Boyd        
    Aldert van Buuren          Carlo Camilloni           Rudi van Drunen      
      Anton Feenstra           Oliver Fleetwood            Vytas Gapsys       
       Gaurav Garg             Gerrit Groenhof            Bert de Groot       
      Anca Hamuraru           Vincent Hindriksen          Victor Holanda      
     Aleksei Iupinov          Christoph Junghans        Prashanth Kanduri     
   Dimitrios Karkoulis           Peter Kasson             Sebastian Kehl      
     Sebastian Keller             Jiri Kraus               Per Larsson        
      Viveca Lindahl            Erik Marklund           Pieter Meulenhoff     
      Teemu Murtola              Sander Pronk             Michael Shirts      
      Alfons Sijbers            Balint Soproni         David van der Spoel    
      Peter Tieleman            Carsten Uphoff             Jon Vincent        
     Teemu Virolainen         Christian Wennberg           Maarten Wolf       
      Artem Zhmurov       

                  Coordinated by the GROMACS project leaders:
                           Berk Hess and Erik Lindahl

GROMACS:      gmx mdrun, version 2024.1
Executable:   /usr/local/gromacs/bin/gmx
Data prefix:  /usr/local/gromacs
Working dir:  /home/vbva/Downloads/archive/TOL/300
Process ID:   248799
Command line:
  gmx mdrun -deffnm npt

GROMACS version:     2024.1
Precision:           mixed
Memory model:        64 bit
MPI library:         thread_mpi
OpenMP support:      enabled (GMX_OPENMP_MAX_THREADS = 128)
GPU support:         disabled
SIMD instructions:   AVX2_256
CPU FFT library:     fftw-3.3.8-sse2-avx-avx2-avx2_128
GPU FFT library:     none
Multi-GPU FFT:       none
RDTSCP usage:        enabled
TNG support:         enabled
Hwloc support:       disabled
Tracing support:     disabled
C compiler:          /usr/bin/cc GNU 11.4.0
C compiler flags:    -fexcess-precision=fast -funroll-all-loops -mavx2 -mfma -Wno-missing-field-initializers -O3 -DNDEBUG
C++ compiler:        /usr/bin/c++ GNU 11.4.0
C++ compiler flags:  -fexcess-precision=fast -funroll-all-loops -mavx2 -mfma -Wno-missing-field-initializers -Wno-cast-function-type-strict -fopenmp -O3 -DNDEBUG
BLAS library:        External - detected on the system
LAPACK library:      External - detected on the system


Running on 1 node with total 4 cores, 8 processing units
Hardware detected on host vbva-ZenBook-UX363JA-UX363JA:
  CPU info:
    Vendor: Intel
    Brand:  Intel(R) Core(TM) i5-1035G1 CPU @ 1.00GHz
    Family: 6   Model: 126   Stepping: 5
    Features: aes apic avx avx2 avx512f avx512cd avx512bw avx512vl clfsh cmov cx8 cx16 f16c fma htt intel lahf mmx msr nonstop_tsc pcid pclmuldq pdcm pdpe1gb popcnt pse rdrnd rdtscp sha sse2 sse3 sse4.1 sse4.2 ssse3 tdt x2apic
    Number of AVX-512 FMA units: 1 (For Intel, AVX2 is faster w/o 2 AVX-512 FMA units)
  Hardware topology: Basic
    Packages, cores, and logical processors:
    [indices refer to OS logical processors]
      Package  0: [   0   4] [   1   5] [   2   6] [   3   7]
    CPU limit set by OS: -1   Recommended max number of threads: 8


++++ PLEASE READ AND CITE THE FOLLOWING REFERENCE ++++
M. J. Abraham, T. Murtola, R. Schulz, S. Páll, J. C. Smith, B. Hess, E.
Lindahl
GROMACS: High performance molecular simulations through multi-level
parallelism from laptops to supercomputers
SoftwareX 1 (2015) pp. 19-25
-------- -------- --- Thank You --- -------- --------


++++ PLEASE READ AND CITE THE FOLLOWING REFERENCE ++++
S. Páll, M. J. Abraham, C. Kutzner, B. Hess, E. Lindahl
Tackling Exascale Software Challenges in Molecular Dynamics Simulations with
GROMACS
In S. Markidis & E. Laure (Eds.), Solving Software Challenges for Exascale 8759 (2015) pp. 3-27
-------- -------- --- Thank You --- -------- --------


++++ PLEASE READ AND CITE THE FOLLOWING REFERENCE ++++
S. Pronk, S. Páll, R. Schulz, P. Larsson, P. Bjelkmar, R. Apostolov, M. R.
Shirts, J. C. Smith, P. M. Kasson, D. van der Spoel, B. Hess, and E. Lindahl
GROMACS 4.5: a high-throughput and highly parallel open source molecular
simulation toolkit
Bioinformatics 29 (2013) pp. 845-54
-------- -------- --- Thank You --- -------- --------


++++ PLEASE READ AND CITE THE FOLLOWING REFERENCE ++++
B. Hess and C. Kutzner and D. van der Spoel and E. Lindahl
GROMACS 4: Algorithms for highly efficient, load-balanced, and scalable
molecular simulation
J. Chem. Theory Comput. 4 (2008) pp. 435-447
-------- -------- --- Thank You --- -------- --------


++++ PLEASE READ AND CITE THE FOLLOWING REFERENCE ++++
D. van der Spoel, E. Lindahl, B. Hess, G. Groenhof, A. E. Mark and H. J. C.
Berendsen
GROMACS: Fast, Flexible and Free
J. Comp. Chem. 26 (2005) pp. 1701-1719
-------- -------- --- Thank You --- -------- --------


++++ PLEASE READ AND CITE THE FOLLOWING REFERENCE ++++
E. Lindahl and B. Hess and D. van der Spoel
GROMACS 3.0: A package for molecular simulation and trajectory analysis
J. Mol. Mod. 7 (2001) pp. 306-317
-------- -------- --- Thank You --- -------- --------


++++ PLEASE READ AND CITE THE FOLLOWING REFERENCE ++++
H. J. C. Berendsen, D. van der Spoel and R. van Drunen
GROMACS: A message-passing parallel molecular dynamics implementation
Comp. Phys. Comm. 91 (1995) pp. 43-56
-------- -------- --- Thank You --- -------- --------


++++ PLEASE CITE THE DOI FOR THIS VERSION OF GROMACS ++++
https://doi.org/10.5281/zenodo.10721181
-------- -------- --- Thank You --- -------- --------

Input Parameters:
   integrator                     = md
   tinit                          = 0
   dt                             = 0.002
   nsteps                         = 50000
   init-step                      = 0
   simulation-part                = 1
   mts                            = false
   mass-repartition-factor        = 1
   comm-mode                      = Linear
   nstcomm                        = 100
   bd-fric                        = 0
   ld-seed                        = -823272965
   emtol                          = 10
   emstep                         = 0.01
   niter                          = 20
   fcstep                         = 0
   nstcgsteep                     = 1000
   nbfgscorr                      = 10
   rtpi                           = 0.05
   nstxout                        = 0
   nstvout                        = 0
   nstfout                        = 0
   nstlog                         = 1000
   nstcalcenergy                  = 100
   nstenergy                      = 500
   nstxout-compressed             = 5000
   compressed-x-precision         = 1000
   cutoff-scheme                  = Verlet
   nstlist                        = 10
   pbc                            = xyz
   periodic-molecules             = false
   verlet-buffer-tolerance        = 0.005
   verlet-buffer-pressure-tolerance = 0.5
   rlist                          = 1.2
   coulombtype                    = PME
   coulomb-modifier               = Potential-shift
   rcoulomb-switch                = 0
   rcoulomb                       = 1.2
   epsilon-r                      = 1
   epsilon-rf                     = inf
   vdw-type                       = Cut-off
   vdw-modifier                   = Force-switch
   rvdw-switch                    = 1
   rvdw                           = 1.2
   DispCorr                       = No
   table-extension                = 1
   fourierspacing                 = 0.15
   fourier-nx                     = 40
   fourier-ny                     = 40
   fourier-nz                     = 40
   pme-order                      = 4
   ewald-rtol                     = 1e-05
   ewald-rtol-lj                  = 0.001
   lj-pme-comb-rule               = Geometric
   ewald-geometry                 = 3d
   epsilon-surface                = 0
   ensemble-temperature-setting   = constant
   ensemble-temperature           = 300
   tcoupl                         = V-rescale
   nsttcouple                     = 10
   nh-chain-length                = 0
   print-nose-hoover-chain-variables = false
   pcoupl                         = C-rescale
   pcoupltype                     = Isotropic
   nstpcouple                     = 100
   tau-p                          = 1
   compressibility (3x3):
      compressibility[    0]={ 4.50000e-05,  0.00000e+00,  0.00000e+00}
      compressibility[    1]={ 0.00000e+00,  4.50000e-05,  0.00000e+00}
      compressibility[    2]={ 0.00000e+00,  0.00000e+00,  4.50000e-05}
   ref-p (3x3):
      ref-p[    0]={ 1.00000e+00,  0.00000e+00,  0.00000e+00}
      ref-p[    1]={ 0.00000e+00,  1.00000e+00,  0.00000e+00}
      ref-p[    2]={ 0.00000e+00,  0.00000e+00,  1.00000e+00}
   refcoord-scaling               = COM
   posres-com (3):
      posres-com[0]= 0.00000e+00
      posres-com[1]= 0.00000e+00
      posres-com[2]= 0.00000e+00
   posres-comB (3):
      posres-comB[0]= 0.00000e+00
      posres-comB[1]= 0.00000e+00
      posres-comB[2]= 0.00000e+00
   QMMM                           = false
qm-opts:
   ngQM                           = 0
   constraint-algorithm           = Lincs
   continuation                   = true
   Shake-SOR                      = false
   shake-tol                      = 0.0001
   lincs-order                    = 4
   lincs-iter                     = 1
   lincs-warnangle                = 30
   nwall                          = 0
   wall-type                      = 9-3
   wall-r-linpot                  = -1
   wall-atomtype[0]               = -1
   wall-atomtype[1]               = -1
   wall-density[0]                = 0
   wall-density[1]                = 0
   wall-ewald-zfac                = 3
   pull                           = false
   awh                            = false
   rotation                       = false
   interactiveMD                  = false
   disre                          = No
   disre-weighting                = Conservative
   disre-mixed                    = false
   dr-fc                          = 1000
   dr-tau                         = 0
   nstdisreout                    = 100
   orire-fc                       = 0
   orire-tau                      = 0
   nstorireout                    = 100
   free-energy                    = no
   cos-acceleration               = 0
   deform (3x3):
      deform[    0]={ 0.00000e+00,  0.00000e+00,  0.00000e+00}
      deform[    1]={ 0.00000e+00,  0.00000e+00,  0.00000e+00}
      deform[    2]={ 0.00000e+00,  0.00000e+00,  0.00000e+00}
   simulated-tempering            = false
   swapcoords                     = no
   userint1                       = 0
   userint2                       = 0
   userint3                       = 0
   userint4                       = 0
   userreal1                      = 0
   userreal2                      = 0
   userreal3                      = 0
   userreal4                      = 0
   applied-forces:
     electric-field:
       x:
         E0                       = 0
         omega                    = 0
         t0                       = 0
         sigma                    = 0
       y:
         E0                       = 0
         omega                    = 0
         t0                       = 0
         sigma                    = 0
       z:
         E0                       = 0
         omega                    = 0
         t0                       = 0
         sigma                    = 0
     density-guided-simulation:
       active                     = false
       group                      = protein
       similarity-measure         = inner-product
       atom-spreading-weight      = unity
       force-constant             = 1e+09
       gaussian-transform-spreading-width = 0.2
       gaussian-transform-spreading-range-in-multiples-of-width = 4
       reference-density-filename = reference.mrc
       nst                        = 1
       normalize-densities        = true
       adaptive-force-scaling     = false
       adaptive-force-scaling-time-constant = 4
       shift-vector               = 
       transformation-matrix      = 
     qmmm-cp2k:
       active                     = false
       qmgroup                    = System
       qmmethod                   = PBE
       qmfilenames                = 
       qmcharge                   = 0
       qmmultiplicity             = 1
     colvars:
       active                     = false
       configfile                 = 
       seed                       = -1
grpopts:
   nrdf:       11097
   ref-t:         300
   tau-t:         0.1
annealing:          No
annealing-npoints:           0
   acc:	           0           0           0
   nfreeze:           N           N           N
   energygrp-flags[  0]: 0

Changing nstlist from 10 to 50, rlist from 1.2 to 1.302


Initializing Domain Decomposition on 1 ranks
Dynamic load balancing: auto
Using update groups, nr 2100, average size 2.1 atoms, max. radius 0.139 nm
Minimum cell size due to atom displacement: 0.407 nm
Initial maximum distances in bonded interactions:
    two-body bonded interactions: 0.512 nm, LJ-14, atoms 185 192
  multi-body bonded interactions: 0.512 nm, Proper Dih., atoms 185 192
Minimum cell size due to bonded interactions: 0.563 nm
Using 0 separate PME ranks because: there are too few total ranks for efficient splitting
Optimizing the DD grid for 1 cells with a minimum initial size of 0.563 nm
The maximum allowed number of cells is: X 10 Y 10 Z 10
Domain decomposition grid 1 x 1 x 1, separate PME ranks 0
PME domain decomposition: 1 x 1 x 1

The initial number of communication pulses is:
The initial domain decomposition cell size is:

The maximum allowed distance for atom groups involved in interactions is:
                 non-bonded interactions           1.580 nm
(the following are initial values, they could change due to box deformation)
            two-body bonded interactions  (-rdd)   1.580 nm
          multi-body bonded interactions  (-rdd)   1.580 nm

When dynamic load balancing gets turned on, these settings will change to:
The maximum number of communication pulses is:
The minimum size for domain decomposition cells is 1.580 nm
The requested allowed shrink of DD cells (option -dds) is: 0.80
The allowed shrink of domain decomposition cells is:
The maximum allowed distance for atom groups involved in interactions is:
                 non-bonded interactions           1.580 nm
            two-body bonded interactions  (-rdd)   1.580 nm
          multi-body bonded interactions  (-rdd)   1.580 nm

Using 1 MPI thread
Using 8 OpenMP threads 

System total charge: 0.000
Will do PME sum in reciprocal space for electrostatic interactions.

++++ PLEASE READ AND CITE THE FOLLOWING REFERENCE ++++
U. Essmann, L. Perera, M. L. Berkowitz, T. Darden, H. Lee and L. G. Pedersen 
A smooth particle mesh Ewald method
J. Chem. Phys. 103 (1995) pp. 8577-8592
-------- -------- --- Thank You --- -------- --------

Using a Gaussian width (1/beta) of 0.384195 nm for Ewald
Potential shift: LJ r^-12: -2.648e-01 r^-6: -5.349e-01, Ewald -8.333e-06
Initialized non-bonded Coulomb Ewald tables, spacing: 1.02e-03 size: 1176

Generated table with 1151 data points for 1-4 COUL.
Tabscale = 500 points/nm
Generated table with 1151 data points for 1-4 LJ6.
Tabscale = 500 points/nm
Generated table with 1151 data points for 1-4 LJ12.
Tabscale = 500 points/nm


Using SIMD4xM 4x8 nonbonded short-range kernels

Using a dual 4x8 pair-list setup updated with dynamic pruning:
  outer list: updated every 50 steps, buffer 0.102 nm, rlist 1.302 nm
  inner list: updated every 17 steps, buffer 0.000 nm, rlist 1.200 nm
At tolerance 0.005 kJ/mol/ps per atom, equivalent classical 1x1 list would be:
  outer list: updated every 50 steps, buffer 0.178 nm, rlist 1.378 nm
  inner list: updated every 17 steps, buffer 0.089 nm, rlist 1.289 nm

The average pressure is off by at most 0.34 bar due to missing LJ interactions

Linking all bonded interactions to atoms


Pinning threads with an auto-selected logical cpu stride of 1

Initializing LINear Constraint Solver

++++ PLEASE READ AND CITE THE FOLLOWING REFERENCE ++++
B. Hess and H. Bekker and H. J. C. Berendsen and J. G. E. M. Fraaije
LINCS: A Linear Constraint Solver for molecular simulations
J. Comp. Chem. 18 (1997) pp. 1463-1472
-------- -------- --- Thank You --- -------- --------

The number of constraints is 2400

++++ PLEASE READ AND CITE THE FOLLOWING REFERENCE ++++
G. Bussi, D. Donadio and M. Parrinello
Canonical sampling through velocity rescaling
J. Chem. Phys. 126 (2007) pp. 014101
-------- -------- --- Thank You --- -------- --------


++++ PLEASE READ AND CITE THE FOLLOWING REFERENCE ++++
M. Bernetti, G. Bussi
Pressure control using stochastic cell rescaling
J. Chem. Phys. 153 (2020) pp. 114107
-------- -------- --- Thank You --- -------- --------

There are: 4500 Atoms
Atom distribution over 1 domains: av 4500 stddev 0 min 4500 max 4500
Center of mass motion removal mode is Linear
We have the following groups for center of mass motion removal:
  0:  rest

Started mdrun on rank 0 Sat May 11 10:18:40 2024

           Step           Time
              0        0.00000

   Energies (kJ/mol)
           Bond            U-B    Proper Dih.          LJ-14     Coulomb-14
    9.70309e+03    7.35554e+03    3.36979e+03    1.41287e+04   -1.15493e+04
        LJ (SR)   Coulomb (SR)   Coul. recip.      Potential    Kinetic En.
   -3.81575e+03    3.27207e+03    3.62672e+02    2.28268e+04    1.37474e+04
   Total Energy  Conserved En.    Temperature Pressure (bar)   Constr. rmsd
    3.65743e+04    3.65727e+04    2.97997e+02    1.11361e+02    2.30783e-06

           Step           Time
           1000        2.00000

   Energies (kJ/mol)
           Bond            U-B    Proper Dih.          LJ-14     Coulomb-14
    1.00588e+04    7.23709e+03    3.15001e+03    1.37648e+04   -1.15321e+04
        LJ (SR)   Coulomb (SR)   Coul. recip.      Potential    Kinetic En.
   -3.90204e+03    3.27392e+03    3.63232e+02    2.24137e+04    1.40002e+04
   Total Energy  Conserved En.    Temperature Pressure (bar)   Constr. rmsd
    3.64139e+04    3.68039e+04    3.03475e+02   -6.01256e+02    2.42419e-06

           Step           Time
           2000        4.00000

   Energies (kJ/mol)
           Bond            U-B    Proper Dih.          LJ-14     Coulomb-14
    9.97397e+03    7.10965e+03    3.29212e+03    1.39502e+04   -1.15183e+04
        LJ (SR)   Coulomb (SR)   Coul. recip.      Potential    Kinetic En.
   -3.99846e+03    3.26823e+03    3.64883e+02    2.24423e+04    1.38543e+04
   Total Energy  Conserved En.    Temperature Pressure (bar)   Constr. rmsd
    3.62966e+04    3.70966e+04    3.00313e+02   -2.68463e+02    2.42123e-06

           Step           Time
           3000        6.00000

   Energies (kJ/mol)
           Bond            U-B    Proper Dih.          LJ-14     Coulomb-14
    1.00101e+04    7.22178e+03    3.29609e+03    1.39238e+04   -1.15405e+04
        LJ (SR)   Coulomb (SR)   Coul. recip.      Potential    Kinetic En.
   -4.00401e+03    3.26714e+03    3.53026e+02    2.25274e+04    1.40939e+04
   Total Energy  Conserved En.    Temperature Pressure (bar)   Constr. rmsd
    3.66213e+04    3.75023e+04    3.05507e+02   -3.84799e+02    2.49688e-06

           Step           Time
           4000        8.00000

   Energies (kJ/mol)
           Bond            U-B    Proper Dih.          LJ-14     Coulomb-14
    9.99100e+03    7.09522e+03    3.16691e+03    1.38382e+04   -1.15044e+04
        LJ (SR)   Coulomb (SR)   Coul. recip.      Potential    Kinetic En.
   -4.18158e+03    3.23301e+03    3.49304e+02    2.19877e+04    1.40183e+04
   Total Energy  Conserved En.    Temperature Pressure (bar)   Constr. rmsd
    3.60060e+04    3.77177e+04    3.03869e+02   -3.95775e+02    2.53630e-06

           Step           Time
           5000       10.00000

   Energies (kJ/mol)
           Bond            U-B    Proper Dih.          LJ-14     Coulomb-14
    9.68535e+03    7.18259e+03    3.10368e+03    1.41939e+04   -1.15281e+04
        LJ (SR)   Coulomb (SR)   Coul. recip.      Potential    Kinetic En.
   -4.12792e+03    3.26561e+03    3.70396e+02    2.21455e+04    1.42491e+04
   Total Energy  Conserved En.    Temperature Pressure (bar)   Constr. rmsd
    3.63946e+04    3.81136e+04    3.08872e+02    4.50479e+02    2.41958e-06

           Step           Time
           6000       12.00000

   Energies (kJ/mol)
           Bond            U-B    Proper Dih.          LJ-14     Coulomb-14
    1.00445e+04    7.21827e+03    3.19422e+03    1.39221e+04   -1.15511e+04
        LJ (SR)   Coulomb (SR)   Coul. recip.      Potential    Kinetic En.
   -4.09647e+03    3.27920e+03    3.53356e+02    2.23641e+04    1.36410e+04
   Total Energy  Conserved En.    Temperature Pressure (bar)   Constr. rmsd
    3.60051e+04    3.82569e+04    2.95690e+02   -4.21239e+02    2.37934e-06

           Step           Time
           7000       14.00000

   Energies (kJ/mol)
           Bond            U-B    Proper Dih.          LJ-14     Coulomb-14
    9.92772e+03    7.01003e+03    3.07484e+03    1.40443e+04   -1.15331e+04
        LJ (SR)   Coulomb (SR)   Coul. recip.      Potential    Kinetic En.
   -4.32818e+03    3.25706e+03    3.61984e+02    2.18146e+04    1.37884e+04
   Total Energy  Conserved En.    Temperature Pressure (bar)   Constr. rmsd
    3.56029e+04    3.82504e+04    2.98884e+02   -8.08934e+00    2.22438e-06

           Step           Time
           8000       16.00000

   Energies (kJ/mol)
           Bond            U-B    Proper Dih.          LJ-14     Coulomb-14
    1.02136e+04    7.37328e+03    3.29594e+03    1.39153e+04   -1.15242e+04
        LJ (SR)   Coulomb (SR)   Coul. recip.      Potential    Kinetic En.
   -4.43323e+03    3.27682e+03    3.51727e+02    2.24692e+04    1.37766e+04
   Total Energy  Conserved En.    Temperature Pressure (bar)   Constr. rmsd
    3.62458e+04    3.84878e+04    2.98630e+02   -5.65764e+02    2.27979e-06

           Step           Time
           9000       18.00000

   Energies (kJ/mol)
           Bond            U-B    Proper Dih.          LJ-14     Coulomb-14
    9.92913e+03    7.23013e+03    3.23397e+03    1.41552e+04   -1.15513e+04
        LJ (SR)   Coulomb (SR)   Coul. recip.      Potential    Kinetic En.
   -4.60352e+03    3.25762e+03    3.50215e+02    2.20014e+04    1.37466e+04
   Total Energy  Conserved En.    Temperature Pressure (bar)   Constr. rmsd
    3.57480e+04    3.85860e+04    2.97978e+02    1.33767e+02    2.31234e-06

           Step           Time
          10000       20.00000

   Energies (kJ/mol)
           Bond            U-B    Proper Dih.          LJ-14     Coulomb-14
    9.81980e+03    7.31995e+03    3.33808e+03    1.41448e+04   -1.15462e+04
        LJ (SR)   Coulomb (SR)   Coul. recip.      Potential    Kinetic En.
   -4.52221e+03    3.30977e+03    3.59929e+02    2.22239e+04    1.39357e+04
   Total Energy  Conserved En.    Temperature Pressure (bar)   Constr. rmsd
    3.61596e+04    3.86300e+04    3.02078e+02    1.39849e+02    2.20859e-06

           Step           Time
          11000       22.00000

   Energies (kJ/mol)
           Bond            U-B    Proper Dih.          LJ-14     Coulomb-14
    9.85407e+03    7.34209e+03    3.18380e+03    1.41382e+04   -1.15358e+04
        LJ (SR)   Coulomb (SR)   Coul. recip.      Potential    Kinetic En.
   -4.52128e+03    3.26949e+03    3.40429e+02    2.20711e+04    1.35977e+04
   Total Energy  Conserved En.    Temperature Pressure (bar)   Constr. rmsd
    3.56688e+04    3.87414e+04    2.94751e+02    2.00042e+02    2.16483e-06

           Step           Time
          12000       24.00000

   Energies (kJ/mol)
           Bond            U-B    Proper Dih.          LJ-14     Coulomb-14
    9.83186e+03    7.22254e+03    2.99994e+03    1.39113e+04   -1.15573e+04
        LJ (SR)   Coulomb (SR)   Coul. recip.      Potential    Kinetic En.
   -4.29473e+03    3.30185e+03    3.56335e+02    2.17719e+04    1.38957e+04
   Total Energy  Conserved En.    Temperature Pressure (bar)   Constr. rmsd
    3.56676e+04    3.87328e+04    3.01211e+02   -3.13808e+02    2.34889e-06

           Step           Time
          13000       26.00000

   Energies (kJ/mol)
           Bond            U-B    Proper Dih.          LJ-14     Coulomb-14
    9.90279e+03    7.16243e+03    3.21093e+03    1.40264e+04   -1.15457e+04
        LJ (SR)   Coulomb (SR)   Coul. recip.      Potential    Kinetic En.
   -4.39880e+03    3.26768e+03    3.51171e+02    2.19769e+04    1.40331e+04
   Total Energy  Conserved En.    Temperature Pressure (bar)   Constr. rmsd
    3.60100e+04    3.87201e+04    3.04189e+02   -1.66295e+01    2.41030e-06

           Step           Time
          14000       28.00000

   Energies (kJ/mol)
           Bond            U-B    Proper Dih.          LJ-14     Coulomb-14
    9.63725e+03    7.33510e+03    3.05390e+03    1.41734e+04   -1.15460e+04
        LJ (SR)   Coulomb (SR)   Coul. recip.      Potential    Kinetic En.
   -4.36988e+03    3.26964e+03    3.59965e+02    2.19134e+04    1.41960e+04
   Total Energy  Conserved En.    Temperature Pressure (bar)   Constr. rmsd
    3.61094e+04    3.87094e+04    3.07720e+02    3.08204e+02    2.39723e-06

           Step           Time
          15000       30.00000

   Energies (kJ/mol)
           Bond            U-B    Proper Dih.          LJ-14     Coulomb-14
    9.68172e+03    7.20460e+03    3.02130e+03    1.41469e+04   -1.15484e+04
        LJ (SR)   Coulomb (SR)   Coul. recip.      Potential    Kinetic En.
   -4.40374e+03    3.28220e+03    3.47783e+02    2.17324e+04    1.40171e+04
   Total Energy  Conserved En.    Temperature Pressure (bar)   Constr. rmsd
    3.57495e+04    3.86265e+04    3.03842e+02    2.39363e+02    2.38628e-06

           Step           Time
          16000       32.00000

   Energies (kJ/mol)
           Bond            U-B    Proper Dih.          LJ-14     Coulomb-14
    9.82818e+03    7.16659e+03    3.13845e+03    1.41800e+04   -1.15117e+04
        LJ (SR)   Coulomb (SR)   Coul. recip.      Potential    Kinetic En.
   -4.66611e+03    3.24631e+03    3.42203e+02    2.17239e+04    1.38730e+04
   Total Energy  Conserved En.    Temperature Pressure (bar)   Constr. rmsd
    3.55969e+04    3.85548e+04    3.00718e+02    2.10558e+02    2.33175e-06

           Step           Time
          17000       34.00000

   Energies (kJ/mol)
           Bond            U-B    Proper Dih.          LJ-14     Coulomb-14
    1.03254e+04    7.51712e+03    3.17100e+03    1.39036e+04   -1.14808e+04
        LJ (SR)   Coulomb (SR)   Coul. recip.      Potential    Kinetic En.
   -4.69226e+03    3.21986e+03    3.44660e+02    2.23085e+04    1.41512e+04
   Total Energy  Conserved En.    Temperature Pressure (bar)   Constr. rmsd
    3.64597e+04    3.87325e+04    3.06750e+02   -4.83727e+02    2.48957e-06

           Step           Time
          18000       36.00000

   Energies (kJ/mol)
           Bond            U-B    Proper Dih.          LJ-14     Coulomb-14
    9.80327e+03    7.26717e+03    3.21405e+03    1.43130e+04   -1.15446e+04
        LJ (SR)   Coulomb (SR)   Coul. recip.      Potential    Kinetic En.
   -4.73938e+03    3.23355e+03    3.57836e+02    2.19049e+04    1.38332e+04
   Total Energy  Conserved En.    Temperature Pressure (bar)   Constr. rmsd
    3.57381e+04    3.86163e+04    2.99856e+02    4.06460e+02    2.80892e-06

           Step           Time
          19000       38.00000

   Energies (kJ/mol)
           Bond            U-B    Proper Dih.          LJ-14     Coulomb-14
    1.01106e+04    7.28855e+03    3.17111e+03    1.40026e+04   -1.15169e+04
        LJ (SR)   Coulomb (SR)   Coul. recip.      Potential    Kinetic En.
   -4.57551e+03    3.24987e+03    3.52131e+02    2.20825e+04    1.34201e+04
   Total Energy  Conserved En.    Temperature Pressure (bar)   Constr. rmsd
    3.55025e+04    3.86863e+04    2.90901e+02   -3.11585e+02    2.34748e-06

           Step           Time
          20000       40.00000

   Energies (kJ/mol)
           Bond            U-B    Proper Dih.          LJ-14     Coulomb-14
    1.01506e+04    7.37204e+03    3.21362e+03    1.38744e+04   -1.15494e+04
        LJ (SR)   Coulomb (SR)   Coul. recip.      Potential    Kinetic En.
   -4.63479e+03    3.28192e+03    3.53577e+02    2.20620e+04    1.37151e+04
   Total Energy  Conserved En.    Temperature Pressure (bar)   Constr. rmsd
    3.57771e+04    3.87029e+04    2.97297e+02   -5.97321e+02    2.33757e-06

           Step           Time
          21000       42.00000

   Energies (kJ/mol)
           Bond            U-B    Proper Dih.          LJ-14     Coulomb-14
    9.62151e+03    7.05187e+03    3.25189e+03    1.43813e+04   -1.15189e+04
        LJ (SR)   Coulomb (SR)   Coul. recip.      Potential    Kinetic En.
   -4.52422e+03    3.24400e+03    3.45553e+02    2.18529e+04    1.39003e+04
   Total Energy  Conserved En.    Temperature Pressure (bar)   Constr. rmsd
    3.57532e+04    3.88505e+04    3.01310e+02    7.07449e+02    2.36703e-06

           Step           Time
          22000       44.00000

   Energies (kJ/mol)
           Bond            U-B    Proper Dih.          LJ-14     Coulomb-14
    9.75391e+03    7.29084e+03    3.24170e+03    1.43292e+04   -1.15729e+04
        LJ (SR)   Coulomb (SR)   Coul. recip.      Potential    Kinetic En.
   -4.53108e+03    3.28405e+03    3.44440e+02    2.21401e+04    1.35952e+04
   Total Energy  Conserved En.    Temperature Pressure (bar)   Constr. rmsd
    3.57353e+04    3.90432e+04    2.94696e+02    4.21914e+02    2.40889e-06

           Step           Time
          23000       46.00000

   Energies (kJ/mol)
           Bond            U-B    Proper Dih.          LJ-14     Coulomb-14
    9.66608e+03    7.17785e+03    3.13199e+03    1.41862e+04   -1.15413e+04
        LJ (SR)   Coulomb (SR)   Coul. recip.      Potential    Kinetic En.
   -4.29018e+03    3.27623e+03    3.49140e+02    2.19560e+04    1.39517e+04
   Total Energy  Conserved En.    Temperature Pressure (bar)   Constr. rmsd
    3.59077e+04    3.90853e+04    3.02424e+02    1.92137e+02    2.43731e-06

           Step           Time
          24000       48.00000

   Energies (kJ/mol)
           Bond            U-B    Proper Dih.          LJ-14     Coulomb-14
    9.65576e+03    7.14850e+03    3.22189e+03    1.42544e+04   -1.15395e+04
        LJ (SR)   Coulomb (SR)   Coul. recip.      Potential    Kinetic En.
   -4.48765e+03    3.21628e+03    3.39650e+02    2.18093e+04    1.36974e+04
   Total Energy  Conserved En.    Temperature Pressure (bar)   Constr. rmsd
    3.55067e+04    3.91289e+04    2.96913e+02    3.22695e+02    2.31603e-06

           Step           Time
          25000       50.00000

   Energies (kJ/mol)
           Bond            U-B    Proper Dih.          LJ-14     Coulomb-14
    9.73014e+03    7.23418e+03    3.18171e+03    1.41904e+04   -1.15358e+04
        LJ (SR)   Coulomb (SR)   Coul. recip.      Potential    Kinetic En.
   -4.46736e+03    3.25011e+03    3.54004e+02    2.19373e+04    1.40055e+04
   Total Energy  Conserved En.    Temperature Pressure (bar)   Constr. rmsd
    3.59428e+04    3.91309e+04    3.03590e+02    2.35736e+02    2.53208e-06

           Step           Time
          26000       52.00000

   Energies (kJ/mol)
           Bond            U-B    Proper Dih.          LJ-14     Coulomb-14
    9.43963e+03    7.08337e+03    3.20943e+03    1.42910e+04   -1.15144e+04
        LJ (SR)   Coulomb (SR)   Coul. recip.      Potential    Kinetic En.
   -4.21006e+03    3.22128e+03    3.39401e+02    2.18596e+04    1.36727e+04
   Total Energy  Conserved En.    Temperature Pressure (bar)   Constr. rmsd
    3.55323e+04    3.90922e+04    2.96377e+02    5.37392e+02    2.48579e-06

           Step           Time
          27000       54.00000

   Energies (kJ/mol)
           Bond            U-B    Proper Dih.          LJ-14     Coulomb-14
    9.60800e+03    7.39519e+03    3.14094e+03    1.42007e+04   -1.15189e+04
        LJ (SR)   Coulomb (SR)   Coul. recip.      Potential    Kinetic En.
   -4.23220e+03    3.23622e+03    3.60734e+02    2.21907e+04    1.41448e+04
   Total Energy  Conserved En.    Temperature Pressure (bar)   Constr. rmsd
    3.63355e+04    3.89905e+04    3.06611e+02    3.81213e+02    2.53099e-06

           Step           Time
          28000       56.00000

   Energies (kJ/mol)
           Bond            U-B    Proper Dih.          LJ-14     Coulomb-14
    9.95931e+03    7.18358e+03    3.34165e+03    1.40539e+04   -1.15109e+04
        LJ (SR)   Coulomb (SR)   Coul. recip.      Potential    Kinetic En.
   -4.69615e+03    3.24937e+03    3.44786e+02    2.19256e+04    1.38378e+04
   Total Energy  Conserved En.    Temperature Pressure (bar)   Constr. rmsd
    3.57633e+04    3.89421e+04    2.99955e+02   -9.43339e+01    2.50776e-06

           Step           Time
          29000       58.00000

   Energies (kJ/mol)
           Bond            U-B    Proper Dih.          LJ-14     Coulomb-14
    9.84591e+03    7.19119e+03    3.23002e+03    1.41025e+04   -1.14999e+04
        LJ (SR)   Coulomb (SR)   Coul. recip.      Potential    Kinetic En.
   -4.39386e+03    3.25003e+03    3.57763e+02    2.20836e+04    1.39521e+04
   Total Energy  Conserved En.    Temperature Pressure (bar)   Constr. rmsd
    3.60357e+04    3.89664e+04    3.02433e+02    1.14295e+02    2.44791e-06

           Step           Time
          30000       60.00000

   Energies (kJ/mol)
           Bond            U-B    Proper Dih.          LJ-14     Coulomb-14
    9.90816e+03    7.25558e+03    3.17685e+03    1.41193e+04   -1.15131e+04
        LJ (SR)   Coulomb (SR)   Coul. recip.      Potential    Kinetic En.
   -4.73818e+03    3.28994e+03    3.48509e+02    2.18470e+04    1.38190e+04
   Total Energy  Conserved En.    Temperature Pressure (bar)   Constr. rmsd
    3.56660e+04    3.90660e+04    2.99548e+02   -8.90325e+01    2.32453e-06

           Step           Time
          31000       62.00000

   Energies (kJ/mol)
           Bond            U-B    Proper Dih.          LJ-14     Coulomb-14
    9.97308e+03    7.55910e+03    3.12109e+03    1.40833e+04   -1.15272e+04
        LJ (SR)   Coulomb (SR)   Coul. recip.      Potential    Kinetic En.
   -4.79483e+03    3.24134e+03    3.56386e+02    2.20122e+04    1.39087e+04
   Total Energy  Conserved En.    Temperature Pressure (bar)   Constr. rmsd
    3.59208e+04    3.90832e+04    3.01492e+02   -3.41257e+01    2.28071e-06

           Step           Time
          32000       64.00000

   Energies (kJ/mol)
           Bond            U-B    Proper Dih.          LJ-14     Coulomb-14
    9.91192e+03    7.18294e+03    3.23481e+03    1.40768e+04   -1.15560e+04
        LJ (SR)   Coulomb (SR)   Coul. recip.      Potential    Kinetic En.
   -4.72573e+03    3.27621e+03    3.55480e+02    2.17565e+04    1.38891e+04
   Total Energy  Conserved En.    Temperature Pressure (bar)   Constr. rmsd
    3.56455e+04    3.91542e+04    3.01067e+02    5.02003e+01    2.49128e-06

           Step           Time
          33000       66.00000

   Energies (kJ/mol)
           Bond            U-B    Proper Dih.          LJ-14     Coulomb-14
    9.86157e+03    7.42483e+03    3.21819e+03    1.41232e+04   -1.15295e+04
        LJ (SR)   Coulomb (SR)   Coul. recip.      Potential    Kinetic En.
   -4.69990e+03    3.21598e+03    3.36232e+02    2.19507e+04    1.38847e+04
   Total Energy  Conserved En.    Temperature Pressure (bar)   Constr. rmsd
    3.58354e+04    3.92619e+04    3.00973e+02    1.40488e+02    2.23999e-06

           Step           Time
          34000       68.00000

   Energies (kJ/mol)
           Bond            U-B    Proper Dih.          LJ-14     Coulomb-14
    9.97007e+03    7.30259e+03    3.37225e+03    1.41268e+04   -1.15714e+04
        LJ (SR)   Coulomb (SR)   Coul. recip.      Potential    Kinetic En.
   -4.60570e+03    3.27144e+03    3.42910e+02    2.22090e+04    1.36879e+04
   Total Energy  Conserved En.    Temperature Pressure (bar)   Constr. rmsd
    3.58969e+04    3.92594e+04    2.96705e+02   -5.31554e+01    2.38507e-06

           Step           Time
          35000       70.00000

   Energies (kJ/mol)
           Bond            U-B    Proper Dih.          LJ-14     Coulomb-14
    9.92892e+03    7.36286e+03    3.25174e+03    1.40637e+04   -1.15473e+04
        LJ (SR)   Coulomb (SR)   Coul. recip.      Potential    Kinetic En.
   -4.70784e+03    3.26013e+03    3.40387e+02    2.19527e+04    1.37109e+04
   Total Energy  Conserved En.    Temperature Pressure (bar)   Constr. rmsd
    3.56636e+04    3.93748e+04    2.97206e+02   -4.28199e+01    2.19825e-06

           Step           Time
          36000       72.00000

   Energies (kJ/mol)
           Bond            U-B    Proper Dih.          LJ-14     Coulomb-14
    9.97877e+03    7.26192e+03    3.23509e+03    1.41328e+04   -1.15503e+04
        LJ (SR)   Coulomb (SR)   Coul. recip.      Potential    Kinetic En.
   -4.50066e+03    3.26617e+03    3.42486e+02    2.21662e+04    1.40154e+04
   Total Energy  Conserved En.    Temperature Pressure (bar)   Constr. rmsd
    3.61817e+04    3.93939e+04    3.03806e+02    1.04252e+02    2.45159e-06

           Step           Time
          37000       74.00000

   Energies (kJ/mol)
           Bond            U-B    Proper Dih.          LJ-14     Coulomb-14
    1.02072e+04    7.43447e+03    3.36189e+03    1.39327e+04   -1.15399e+04
        LJ (SR)   Coulomb (SR)   Coul. recip.      Potential    Kinetic En.
   -4.69680e+03    3.23146e+03    3.38664e+02    2.22697e+04    1.38759e+04
   Total Energy  Conserved En.    Temperature Pressure (bar)   Constr. rmsd
    3.61456e+04    3.95520e+04    3.00781e+02   -3.07459e+02    2.28335e-06

           Step           Time
          38000       76.00000

   Energies (kJ/mol)
           Bond            U-B    Proper Dih.          LJ-14     Coulomb-14
    1.00058e+04    7.37334e+03    3.09799e+03    1.39578e+04   -1.15386e+04
        LJ (SR)   Coulomb (SR)   Coul. recip.      Potential    Kinetic En.
   -4.56300e+03    3.25377e+03    3.52178e+02    2.19393e+04    1.36510e+04
   Total Energy  Conserved En.    Temperature Pressure (bar)   Constr. rmsd
    3.55903e+04    3.97804e+04    2.95906e+02   -2.39359e+02    2.34095e-06

           Step           Time
          39000       78.00000

   Energies (kJ/mol)
           Bond            U-B    Proper Dih.          LJ-14     Coulomb-14
    9.82119e+03    7.14815e+03    3.20795e+03    1.40961e+04   -1.15334e+04
        LJ (SR)   Coulomb (SR)   Coul. recip.      Potential    Kinetic En.
   -4.60037e+03    3.23957e+03    3.39752e+02    2.17190e+04    1.37652e+04
   Total Energy  Conserved En.    Temperature Pressure (bar)   Constr. rmsd
    3.54842e+04    4.00436e+04    2.98382e+02    1.47388e+01    2.39746e-06

           Step           Time
          40000       80.00000

   Energies (kJ/mol)
           Bond            U-B    Proper Dih.          LJ-14     Coulomb-14
    9.79305e+03    7.34263e+03    3.16710e+03    1.43591e+04   -1.15177e+04
        LJ (SR)   Coulomb (SR)   Coul. recip.      Potential    Kinetic En.
   -4.63727e+03    3.24041e+03    3.37167e+02    2.20845e+04    1.37616e+04
   Total Energy  Conserved En.    Temperature Pressure (bar)   Constr. rmsd
    3.58461e+04    4.02311e+04    2.98304e+02    4.42660e+02    2.53979e-06

           Step           Time
          41000       82.00000

   Energies (kJ/mol)
           Bond            U-B    Proper Dih.          LJ-14     Coulomb-14
    9.92545e+03    7.24035e+03    3.18210e+03    1.40799e+04   -1.15250e+04
        LJ (SR)   Coulomb (SR)   Coul. recip.      Potential    Kinetic En.
   -4.64346e+03    3.25933e+03    3.38206e+02    2.18570e+04    1.38753e+04
   Total Energy  Conserved En.    Temperature Pressure (bar)   Constr. rmsd
    3.57323e+04    4.03855e+04    3.00769e+02    6.66704e+00    2.35844e-06

           Step           Time
          42000       84.00000

   Energies (kJ/mol)
           Bond            U-B    Proper Dih.          LJ-14     Coulomb-14
    9.94698e+03    7.18836e+03    3.23818e+03    1.41924e+04   -1.15523e+04
        LJ (SR)   Coulomb (SR)   Coul. recip.      Potential    Kinetic En.
   -4.71532e+03    3.26948e+03    3.39412e+02    2.19072e+04    1.39482e+04
   Total Energy  Conserved En.    Temperature Pressure (bar)   Constr. rmsd
    3.58554e+04    4.05168e+04    3.02348e+02    1.45522e+02    2.32012e-06

           Step           Time
          43000       86.00000

   Energies (kJ/mol)
           Bond            U-B    Proper Dih.          LJ-14     Coulomb-14
    9.98925e+03    7.26371e+03    3.27918e+03    1.39943e+04   -1.15058e+04
        LJ (SR)   Coulomb (SR)   Coul. recip.      Potential    Kinetic En.
   -4.46253e+03    3.23737e+03    3.45890e+02    2.21414e+04    1.36863e+04
   Total Energy  Conserved En.    Temperature Pressure (bar)   Constr. rmsd
    3.58277e+04    4.06076e+04    2.96672e+02   -1.95404e+02    2.38583e-06

           Step           Time
          44000       88.00000

   Energies (kJ/mol)
           Bond            U-B    Proper Dih.          LJ-14     Coulomb-14
    9.96972e+03    7.38117e+03    3.33686e+03    1.39065e+04   -1.15298e+04
        LJ (SR)   Coulomb (SR)   Coul. recip.      Potential    Kinetic En.
   -4.63327e+03    3.18583e+03    3.42465e+02    2.19594e+04    1.38953e+04
   Total Energy  Conserved En.    Temperature Pressure (bar)   Constr. rmsd
    3.58548e+04    4.07278e+04    3.01203e+02   -4.50028e+02    2.64487e-06

           Step           Time
          45000       90.00000

   Energies (kJ/mol)
           Bond            U-B    Proper Dih.          LJ-14     Coulomb-14
    1.01944e+04    7.27334e+03    3.18906e+03    1.39243e+04   -1.15348e+04
        LJ (SR)   Coulomb (SR)   Coul. recip.      Potential    Kinetic En.
   -4.76279e+03    3.26500e+03    3.35751e+02    2.18842e+04    1.35803e+04
   Total Energy  Conserved En.    Temperature Pressure (bar)   Constr. rmsd
    3.54645e+04    4.09541e+04    2.94374e+02   -3.38985e+02    2.25226e-06

           Step           Time
          46000       92.00000

   Energies (kJ/mol)
           Bond            U-B    Proper Dih.          LJ-14     Coulomb-14
    9.75538e+03    7.18252e+03    3.30013e+03    1.41249e+04   -1.15151e+04
        LJ (SR)   Coulomb (SR)   Coul. recip.      Potential    Kinetic En.
   -4.51008e+03    3.19223e+03    3.41184e+02    2.18712e+04    1.38893e+04
   Total Energy  Conserved En.    Temperature Pressure (bar)   Constr. rmsd
    3.57605e+04    4.09554e+04    3.01071e+02    1.89296e+02    2.40450e-06

           Step           Time
          47000       94.00000

   Energies (kJ/mol)
           Bond            U-B    Proper Dih.          LJ-14     Coulomb-14
    9.92537e+03    7.41218e+03    3.28308e+03    1.40190e+04   -1.15153e+04
        LJ (SR)   Coulomb (SR)   Coul. recip.      Potential    Kinetic En.
   -4.55818e+03    3.24866e+03    3.47099e+02    2.21620e+04    1.39180e+04
   Total Energy  Conserved En.    Temperature Pressure (bar)   Constr. rmsd
    3.60800e+04    4.10073e+04    3.01694e+02    2.07097e+01    2.63225e-06

           Step           Time
          48000       96.00000

   Energies (kJ/mol)
           Bond            U-B    Proper Dih.          LJ-14     Coulomb-14
    9.81275e+03    7.23272e+03    3.20181e+03    1.40233e+04   -1.15229e+04
        LJ (SR)   Coulomb (SR)   Coul. recip.      Potential    Kinetic En.
   -4.27608e+03    3.26670e+03    3.53609e+02    2.20919e+04    1.40619e+04
   Total Energy  Conserved En.    Temperature Pressure (bar)   Constr. rmsd
    3.61538e+04    4.10108e+04    3.04813e+02    7.49830e+00    2.37861e-06

           Step           Time
          49000       98.00000

   Energies (kJ/mol)
           Bond            U-B    Proper Dih.          LJ-14     Coulomb-14
    9.34090e+03    7.17510e+03    3.04292e+03    1.43037e+04   -1.15116e+04
        LJ (SR)   Coulomb (SR)   Coul. recip.      Potential    Kinetic En.
   -4.37375e+03    3.26655e+03    3.68822e+02    2.16126e+04    1.39109e+04
   Total Energy  Conserved En.    Temperature Pressure (bar)   Constr. rmsd
    3.55235e+04    4.09987e+04    3.01541e+02    5.99495e+02    2.38239e-06

           Step           Time
          50000      100.00000

Writing checkpoint, step 50000 at Sat May 11 10:20:38 2024


   Energies (kJ/mol)
           Bond            U-B    Proper Dih.          LJ-14     Coulomb-14
    9.94576e+03    7.20844e+03    3.24685e+03    1.40930e+04   -1.15216e+04
        LJ (SR)   Coulomb (SR)   Coul. recip.      Potential    Kinetic En.
   -4.47387e+03    3.21511e+03    3.48854e+02    2.20625e+04    1.39646e+04
   Total Energy  Conserved En.    Temperature Pressure (bar)   Constr. rmsd
    3.60272e+04    4.10300e+04    3.02705e+02   -1.93629e+01    2.49220e-06


Energy conservation over simulation part #1 of length 100 ps, time 0 to 100 ps
  Conserved energy drift: 9.91e-03 kJ/mol/ps per atom


	<======  ###############  ==>
	<====  A V E R A G E S  ====>
	<==  ###############  ======>

	Statistics over 50001 steps using 501 frames

   Energies (kJ/mol)
           Bond            U-B    Proper Dih.          LJ-14     Coulomb-14
    9.89548e+03    7.24900e+03    3.23599e+03    1.40796e+04   -1.15345e+04
        LJ (SR)   Coulomb (SR)   Coul. recip.      Potential    Kinetic En.
   -4.47796e+03    3.25451e+03    3.48440e+02    2.20506e+04    1.38460e+04
   Total Energy  Conserved En.    Temperature Pressure (bar)   Constr. rmsd
    3.58966e+04    3.91481e+04    3.00133e+02    6.62460e-01    0.00000e+00

          Box-X          Box-Y          Box-Z
    5.99955e+00    5.99955e+00    5.99955e+00

   Total Virial (kJ/mol)
    4.75479e+03   -6.36051e+01   -2.45373e+00
   -6.36048e+01    4.58519e+03   -1.61622e+01
   -2.45488e+00   -1.61649e+01    4.49092e+03

   Pressure (bar)
   -2.13829e+01    8.75791e+00   -3.22169e-01
    8.75786e+00    4.63152e+00    1.98366e+00
   -3.21989e-01    1.98407e+00    1.87388e+01


	M E G A - F L O P S   A C C O U N T I N G

 NB=Group-cutoff nonbonded kernels    NxN=N-by-N cluster Verlet kernels
 RF=Reaction-Field  VdW=Van der Waals  QSTab=quadratic-spline table
 W3=SPC/TIP3p  W4=TIP4p (single or pairs)
 V&F=Potential and force  V=Potential only  F=Force only

 Computing:                               M-Number         M-Flops  % Flops
-----------------------------------------------------------------------------
 Pair Search distance check            1094.680270        9852.122     0.1
 NxN Ewald Elec. + LJ [F]            105361.743360     8218215.982    84.6
 NxN Ewald Elec. + LJ [V&F]            1066.355936      137559.916     1.4
 NxN LJ [F]                              18.985440         854.345     0.0
 NxN LJ [V&F]                             0.200160          13.010     0.0
 NxN Ewald Elec. [F]                    881.833888       53791.867     0.6
 NxN Ewald Elec. [V&F]                    8.960064         752.645     0.0
 1,4 nonbonded interactions             405.008100       36450.729     0.4
 Calc Weights                           675.013500       24300.486     0.3
 Spread Q Bspline                     14400.288000       28800.576     0.3
 Gather F Bspline                     14400.288000       86401.728     0.9
 3D-FFT                              102183.043620      817464.349     8.4
 Solve PME                             1680.033600      107522.150     1.1
 Reset In Box                             4.500000          13.500     0.0
 CG-CoM                                   4.504500          13.514     0.0
 Bonds                                  105.002100        6195.124     0.1
 Propers                                450.009000      103052.061     1.1
 Virial                                   2.277045          40.987     0.0
 Stop-CM                                  2.254500          22.545     0.0
 P-Coupling                               2.254500          13.527     0.0
 Calc-Ekin                               45.009000        1215.243     0.0
 Lincs                                  120.002400        7200.144     0.1
 Lincs-Mat                              540.010800        2160.043     0.0
 Constraint-V                           240.004800        2160.043     0.0
 Constraint-Vir                           1.202400          28.858     0.0
 Urey-Bradley                           360.007200       65881.318     0.7
-----------------------------------------------------------------------------
 Total                                                 9709976.812   100.0
-----------------------------------------------------------------------------


    D O M A I N   D E C O M P O S I T I O N   S T A T I S T I C S

 av. #atoms communicated per step for force:  2 x 0.0


      R E A L   C Y C L E   A N D   T I M E   A C C O U N T I N G

On 1 MPI rank, each using 8 OpenMP threads

 Activity:              Num   Num      Call    Wall time         Giga-Cycles
                        Ranks Threads  Count      (s)         total sum    %
--------------------------------------------------------------------------------
 Domain decomp.            1    8       1000       1.576         15.010   1.3
 Neighbor search           1    8       1001       1.537         14.637   1.3
 Force                     1    8      50001      82.337        784.105  69.5
 PME mesh                  1    8      50001      23.795        226.600  20.1
 NB X/F buffer ops.        1    8      99001       5.423         51.646   4.6
 Write traj.               1    8         11       0.077          0.731   0.1
 Update                    1    8      50001       1.083         10.318   0.9
 Constraints               1    8      50001       1.964         18.701   1.7
 Rest                                              0.711          6.767   0.6
--------------------------------------------------------------------------------
 Total                                           118.503       1128.514 100.0
--------------------------------------------------------------------------------
 Breakdown of PME mesh activities
--------------------------------------------------------------------------------
 PME spread                1    8      50001       7.158         68.166   6.0
 PME gather                1    8      50001       5.289         50.371   4.5
 PME 3D-FFT                1    8     100002      10.051         95.717   8.5
 PME solve Elec            1    8      50001       1.000          9.519   0.8
--------------------------------------------------------------------------------

               Core t (s)   Wall t (s)        (%)
       Time:      948.020      118.503      800.0
                 (ns/day)    (hour/ns)
Performance:       72.911        0.329
Finished mdrun on rank 0 Sat May 11 10:20:38 2024

