                      :-) GROMACS - gmx mdrun, 2024.1 (-:

Copyright 1991-2024 The GROMACS Authors.
GROMACS is free software; you can redistribute it and/or modify it
under the terms of the GNU Lesser General Public License
as published by the Free Software Foundation; either version 2.1
of the License, or (at your option) any later version.

                         Current GROMACS contributors:
       Mark Abraham           Andrey Alekseenko           Vladimir Basov      
      Cathrine Bergh            Eliane Briand               Ania Brown        
      Mahesh Doijade            Giacomo Fiorin          Stefan Fleischmann    
      Sergey Gorelov         Gilles Gouaillardet            Alan Gray         
     M. Eric Irrgang         Farzaneh Jalalypour            Joe Jordan        
     Carsten Kutzner           Justin A. Lemkul          Magnus Lundborg      
       Pascal Merz              Vedran Miletic            Dmitry Morozov      
       Julien Nabet              Szilard Pall        Andrea Pasquadibisceglie 
    Michele Pellegrino          Hubert Santuz             Roland Schulz       
     Tatiana Shugaeva          Alexey Shvetsov            Philip Turner       
     Alessandra Villa      Sebastian Wingbermuehle  

                         Previous GROMACS contributors:
        Emile Apol             Rossen Apostolov           James Barnett       
        Paul Bauer          Herman J.C. Berendsen          Par Bjelkmar       
      Christian Blau          Viacheslav Bolnykh            Kevin Boyd        
    Aldert van Buuren          Carlo Camilloni           Rudi van Drunen      
      Anton Feenstra           Oliver Fleetwood            Vytas Gapsys       
       Gaurav Garg             Gerrit Groenhof            Bert de Groot       
      Anca Hamuraru           Vincent Hindriksen          Victor Holanda      
     Aleksei Iupinov          Christoph Junghans        Prashanth Kanduri     
   Dimitrios Karkoulis           Peter Kasson             Sebastian Kehl      
     Sebastian Keller             Jiri Kraus               Per Larsson        
      Viveca Lindahl            Erik Marklund           Pieter Meulenhoff     
      Teemu Murtola              Sander Pronk             Michael Shirts      
      Alfons Sijbers            Balint Soproni         David van der Spoel    
      Peter Tieleman            Carsten Uphoff             Jon Vincent        
     Teemu Virolainen         Christian Wennberg           Maarten Wolf       
      Artem Zhmurov       

                  Coordinated by the GROMACS project leaders:
                           Berk Hess and Erik Lindahl

GROMACS:      gmx mdrun, version 2024.1
Executable:   /usr/local/gromacs/bin/gmx
Data prefix:  /usr/local/gromacs
Working dir:  /home/vbva/Downloads/archive/TOL/300
Process ID:   248618
Command line:
  gmx mdrun -deffnm nvt

GROMACS version:     2024.1
Precision:           mixed
Memory model:        64 bit
MPI library:         thread_mpi
OpenMP support:      enabled (GMX_OPENMP_MAX_THREADS = 128)
GPU support:         disabled
SIMD instructions:   AVX2_256
CPU FFT library:     fftw-3.3.8-sse2-avx-avx2-avx2_128
GPU FFT library:     none
Multi-GPU FFT:       none
RDTSCP usage:        enabled
TNG support:         enabled
Hwloc support:       disabled
Tracing support:     disabled
C compiler:          /usr/bin/cc GNU 11.4.0
C compiler flags:    -fexcess-precision=fast -funroll-all-loops -mavx2 -mfma -Wno-missing-field-initializers -O3 -DNDEBUG
C++ compiler:        /usr/bin/c++ GNU 11.4.0
C++ compiler flags:  -fexcess-precision=fast -funroll-all-loops -mavx2 -mfma -Wno-missing-field-initializers -Wno-cast-function-type-strict -fopenmp -O3 -DNDEBUG
BLAS library:        External - detected on the system
LAPACK library:      External - detected on the system


Running on 1 node with total 4 cores, 8 processing units
Hardware detected on host vbva-ZenBook-UX363JA-UX363JA:
  CPU info:
    Vendor: Intel
    Brand:  Intel(R) Core(TM) i5-1035G1 CPU @ 1.00GHz
    Family: 6   Model: 126   Stepping: 5
    Features: aes apic avx avx2 avx512f avx512cd avx512bw avx512vl clfsh cmov cx8 cx16 f16c fma htt intel lahf mmx msr nonstop_tsc pcid pclmuldq pdcm pdpe1gb popcnt pse rdrnd rdtscp sha sse2 sse3 sse4.1 sse4.2 ssse3 tdt x2apic
    Number of AVX-512 FMA units: 1 (For Intel, AVX2 is faster w/o 2 AVX-512 FMA units)
  Hardware topology: Basic
    Packages, cores, and logical processors:
    [indices refer to OS logical processors]
      Package  0: [   0   4] [   1   5] [   2   6] [   3   7]
    CPU limit set by OS: -1   Recommended max number of threads: 8


++++ PLEASE READ AND CITE THE FOLLOWING REFERENCE ++++
M. J. Abraham, T. Murtola, R. Schulz, S. Páll, J. C. Smith, B. Hess, E.
Lindahl
GROMACS: High performance molecular simulations through multi-level
parallelism from laptops to supercomputers
SoftwareX 1 (2015) pp. 19-25
-------- -------- --- Thank You --- -------- --------


++++ PLEASE READ AND CITE THE FOLLOWING REFERENCE ++++
S. Páll, M. J. Abraham, C. Kutzner, B. Hess, E. Lindahl
Tackling Exascale Software Challenges in Molecular Dynamics Simulations with
GROMACS
In S. Markidis & E. Laure (Eds.), Solving Software Challenges for Exascale 8759 (2015) pp. 3-27
-------- -------- --- Thank You --- -------- --------


++++ PLEASE READ AND CITE THE FOLLOWING REFERENCE ++++
S. Pronk, S. Páll, R. Schulz, P. Larsson, P. Bjelkmar, R. Apostolov, M. R.
Shirts, J. C. Smith, P. M. Kasson, D. van der Spoel, B. Hess, and E. Lindahl
GROMACS 4.5: a high-throughput and highly parallel open source molecular
simulation toolkit
Bioinformatics 29 (2013) pp. 845-54
-------- -------- --- Thank You --- -------- --------


++++ PLEASE READ AND CITE THE FOLLOWING REFERENCE ++++
B. Hess and C. Kutzner and D. van der Spoel and E. Lindahl
GROMACS 4: Algorithms for highly efficient, load-balanced, and scalable
molecular simulation
J. Chem. Theory Comput. 4 (2008) pp. 435-447
-------- -------- --- Thank You --- -------- --------


++++ PLEASE READ AND CITE THE FOLLOWING REFERENCE ++++
D. van der Spoel, E. Lindahl, B. Hess, G. Groenhof, A. E. Mark and H. J. C.
Berendsen
GROMACS: Fast, Flexible and Free
J. Comp. Chem. 26 (2005) pp. 1701-1719
-------- -------- --- Thank You --- -------- --------


++++ PLEASE READ AND CITE THE FOLLOWING REFERENCE ++++
E. Lindahl and B. Hess and D. van der Spoel
GROMACS 3.0: A package for molecular simulation and trajectory analysis
J. Mol. Mod. 7 (2001) pp. 306-317
-------- -------- --- Thank You --- -------- --------


++++ PLEASE READ AND CITE THE FOLLOWING REFERENCE ++++
H. J. C. Berendsen, D. van der Spoel and R. van Drunen
GROMACS: A message-passing parallel molecular dynamics implementation
Comp. Phys. Comm. 91 (1995) pp. 43-56
-------- -------- --- Thank You --- -------- --------


++++ PLEASE CITE THE DOI FOR THIS VERSION OF GROMACS ++++
https://doi.org/10.5281/zenodo.10721181
-------- -------- --- Thank You --- -------- --------

Input Parameters:
   integrator                     = md
   tinit                          = 0
   dt                             = 0.002
   nsteps                         = 50000
   init-step                      = 0
   simulation-part                = 1
   mts                            = false
   mass-repartition-factor        = 1
   comm-mode                      = Linear
   nstcomm                        = 100
   bd-fric                        = 0
   ld-seed                        = -537042970
   emtol                          = 10
   emstep                         = 0.01
   niter                          = 20
   fcstep                         = 0
   nstcgsteep                     = 1000
   nbfgscorr                      = 10
   rtpi                           = 0.05
   nstxout                        = 0
   nstvout                        = 0
   nstfout                        = 0
   nstlog                         = 1000
   nstcalcenergy                  = 100
   nstenergy                      = 500
   nstxout-compressed             = 5000
   compressed-x-precision         = 1000
   cutoff-scheme                  = Verlet
   nstlist                        = 10
   pbc                            = xyz
   periodic-molecules             = false
   verlet-buffer-tolerance        = 0.005
   verlet-buffer-pressure-tolerance = 0.5
   rlist                          = 1.2
   coulombtype                    = PME
   coulomb-modifier               = Potential-shift
   rcoulomb-switch                = 0
   rcoulomb                       = 1.2
   epsilon-r                      = 1
   epsilon-rf                     = inf
   vdw-type                       = Cut-off
   vdw-modifier                   = Force-switch
   rvdw-switch                    = 1
   rvdw                           = 1.2
   DispCorr                       = No
   table-extension                = 1
   fourierspacing                 = 0.15
   fourier-nx                     = 40
   fourier-ny                     = 40
   fourier-nz                     = 40
   pme-order                      = 4
   ewald-rtol                     = 1e-05
   ewald-rtol-lj                  = 0.001
   lj-pme-comb-rule               = Geometric
   ewald-geometry                 = 3d
   epsilon-surface                = 0
   ensemble-temperature-setting   = constant
   ensemble-temperature           = 300
   tcoupl                         = V-rescale
   nsttcouple                     = 10
   nh-chain-length                = 0
   print-nose-hoover-chain-variables = false
   pcoupl                         = No
   refcoord-scaling               = No
   posres-com (3):
      posres-com[0]= 0.00000e+00
      posres-com[1]= 0.00000e+00
      posres-com[2]= 0.00000e+00
   posres-comB (3):
      posres-comB[0]= 0.00000e+00
      posres-comB[1]= 0.00000e+00
      posres-comB[2]= 0.00000e+00
   QMMM                           = false
qm-opts:
   ngQM                           = 0
   constraint-algorithm           = Lincs
   continuation                   = false
   Shake-SOR                      = false
   shake-tol                      = 0.0001
   lincs-order                    = 4
   lincs-iter                     = 1
   lincs-warnangle                = 30
   nwall                          = 0
   wall-type                      = 9-3
   wall-r-linpot                  = -1
   wall-atomtype[0]               = -1
   wall-atomtype[1]               = -1
   wall-density[0]                = 0
   wall-density[1]                = 0
   wall-ewald-zfac                = 3
   pull                           = false
   awh                            = false
   rotation                       = false
   interactiveMD                  = false
   disre                          = No
   disre-weighting                = Conservative
   disre-mixed                    = false
   dr-fc                          = 1000
   dr-tau                         = 0
   nstdisreout                    = 100
   orire-fc                       = 0
   orire-tau                      = 0
   nstorireout                    = 100
   free-energy                    = no
   cos-acceleration               = 0
   deform (3x3):
      deform[    0]={ 0.00000e+00,  0.00000e+00,  0.00000e+00}
      deform[    1]={ 0.00000e+00,  0.00000e+00,  0.00000e+00}
      deform[    2]={ 0.00000e+00,  0.00000e+00,  0.00000e+00}
   simulated-tempering            = false
   swapcoords                     = no
   userint1                       = 0
   userint2                       = 0
   userint3                       = 0
   userint4                       = 0
   userreal1                      = 0
   userreal2                      = 0
   userreal3                      = 0
   userreal4                      = 0
   applied-forces:
     electric-field:
       x:
         E0                       = 0
         omega                    = 0
         t0                       = 0
         sigma                    = 0
       y:
         E0                       = 0
         omega                    = 0
         t0                       = 0
         sigma                    = 0
       z:
         E0                       = 0
         omega                    = 0
         t0                       = 0
         sigma                    = 0
     density-guided-simulation:
       active                     = false
       group                      = protein
       similarity-measure         = inner-product
       atom-spreading-weight      = unity
       force-constant             = 1e+09
       gaussian-transform-spreading-width = 0.2
       gaussian-transform-spreading-range-in-multiples-of-width = 4
       reference-density-filename = reference.mrc
       nst                        = 1
       normalize-densities        = true
       adaptive-force-scaling     = false
       adaptive-force-scaling-time-constant = 4
       shift-vector               = 
       transformation-matrix      = 
     qmmm-cp2k:
       active                     = false
       qmgroup                    = System
       qmmethod                   = PBE
       qmfilenames                = 
       qmcharge                   = 0
       qmmultiplicity             = 1
     colvars:
       active                     = false
       configfile                 = 
       seed                       = -1
grpopts:
   nrdf:       11097
   ref-t:         300
   tau-t:         0.1
annealing:          No
annealing-npoints:           0
   acc:	           0           0           0
   nfreeze:           N           N           N
   energygrp-flags[  0]: 0

Changing nstlist from 10 to 80, rlist from 1.2 to 1.322


Initializing Domain Decomposition on 1 ranks
Dynamic load balancing: auto
Using update groups, nr 2100, average size 2.1 atoms, max. radius 0.139 nm
Minimum cell size due to atom displacement: 0.555 nm
Initial maximum distances in bonded interactions:
    two-body bonded interactions: 0.515 nm, LJ-14, atoms 185 192
  multi-body bonded interactions: 0.515 nm, Proper Dih., atoms 185 192
Minimum cell size due to bonded interactions: 0.567 nm
Using 0 separate PME ranks because: there are too few total ranks for efficient splitting
Optimizing the DD grid for 1 cells with a minimum initial size of 0.567 nm
The maximum allowed number of cells is: X 10 Y 10 Z 10
Domain decomposition grid 1 x 1 x 1, separate PME ranks 0
PME domain decomposition: 1 x 1 x 1

The initial number of communication pulses is:
The initial domain decomposition cell size is:

The maximum allowed distance for atom groups involved in interactions is:
                 non-bonded interactions           1.600 nm
            two-body bonded interactions  (-rdd)   1.600 nm
          multi-body bonded interactions  (-rdd)   1.600 nm

When dynamic load balancing gets turned on, these settings will change to:
The maximum number of communication pulses is:
The minimum size for domain decomposition cells is 1.600 nm
The requested allowed shrink of DD cells (option -dds) is: 0.80
The allowed shrink of domain decomposition cells is:
The maximum allowed distance for atom groups involved in interactions is:
                 non-bonded interactions           1.600 nm
            two-body bonded interactions  (-rdd)   1.600 nm
          multi-body bonded interactions  (-rdd)   1.600 nm

Using 1 MPI thread
Using 8 OpenMP threads 

System total charge: 0.000
Will do PME sum in reciprocal space for electrostatic interactions.

++++ PLEASE READ AND CITE THE FOLLOWING REFERENCE ++++
U. Essmann, L. Perera, M. L. Berkowitz, T. Darden, H. Lee and L. G. Pedersen 
A smooth particle mesh Ewald method
J. Chem. Phys. 103 (1995) pp. 8577-8592
-------- -------- --- Thank You --- -------- --------

Using a Gaussian width (1/beta) of 0.384195 nm for Ewald
Potential shift: LJ r^-12: -2.648e-01 r^-6: -5.349e-01, Ewald -8.333e-06
Initialized non-bonded Coulomb Ewald tables, spacing: 1.02e-03 size: 1176

Generated table with 1161 data points for 1-4 COUL.
Tabscale = 500 points/nm
Generated table with 1161 data points for 1-4 LJ6.
Tabscale = 500 points/nm
Generated table with 1161 data points for 1-4 LJ12.
Tabscale = 500 points/nm


Using SIMD4xM 4x8 nonbonded short-range kernels

Using a dual 4x8 pair-list setup updated with dynamic pruning:
  outer list: updated every 80 steps, buffer 0.122 nm, rlist 1.322 nm
  inner list: updated every 27 steps, buffer 0.000 nm, rlist 1.200 nm
At tolerance 0.005 kJ/mol/ps per atom, equivalent classical 1x1 list would be:
  outer list: updated every 80 steps, buffer 0.207 nm, rlist 1.407 nm
  inner list: updated every 27 steps, buffer 0.168 nm, rlist 1.368 nm

The average pressure is off by at most 0.35 bar due to missing LJ interactions
Removing pbc first time

Linking all bonded interactions to atoms


Pinning threads with an auto-selected logical cpu stride of 1

Initializing LINear Constraint Solver

++++ PLEASE READ AND CITE THE FOLLOWING REFERENCE ++++
B. Hess and H. Bekker and H. J. C. Berendsen and J. G. E. M. Fraaije
LINCS: A Linear Constraint Solver for molecular simulations
J. Comp. Chem. 18 (1997) pp. 1463-1472
-------- -------- --- Thank You --- -------- --------

The number of constraints is 2400

++++ PLEASE READ AND CITE THE FOLLOWING REFERENCE ++++
G. Bussi, D. Donadio and M. Parrinello
Canonical sampling through velocity rescaling
J. Chem. Phys. 126 (2007) pp. 014101
-------- -------- --- Thank You --- -------- --------

There are: 4500 Atoms
Atom distribution over 1 domains: av 4500 stddev 0 min 4500 max 4500

Constraining the starting coordinates (step 0)

Constraining the coordinates at t0-dt (step 0)
Center of mass motion removal mode is Linear
We have the following groups for center of mass motion removal:
  0:  rest
RMS relative constraint deviation after constraining: 2.34e-06
Initial temperature: 300.159 K

Started mdrun on rank 0 Sat May 11 10:16:11 2024

           Step           Time
              0        0.00000

   Energies (kJ/mol)
           Bond            U-B    Proper Dih.          LJ-14     Coulomb-14
    7.54336e+03    2.28629e+03    9.63598e+02    1.38066e+04   -1.15429e+04
        LJ (SR)   Coulomb (SR)   Coul. recip.      Potential    Kinetic En.
    1.33995e+03    3.32347e+03    5.56963e+02    1.82774e+04    1.38694e+04
   Total Energy  Conserved En.    Temperature Pressure (bar)   Constr. rmsd
    3.21468e+04    3.21468e+04    3.00641e+02    1.78987e+03    2.34974e-06

           Step           Time
           1000        2.00000

   Energies (kJ/mol)
           Bond            U-B    Proper Dih.          LJ-14     Coulomb-14
    9.24532e+03    5.83368e+03    2.52214e+03    1.40286e+04   -1.15144e+04
        LJ (SR)   Coulomb (SR)   Coul. recip.      Potential    Kinetic En.
    5.67664e+02    3.35133e+03    5.03615e+02    2.45379e+04    1.35899e+04
   Total Energy  Conserved En.    Temperature Pressure (bar)   Constr. rmsd
    3.81278e+04    3.26735e+04    2.94582e+02    3.42889e+02    2.16756e-06

           Step           Time
           2000        4.00000

   Energies (kJ/mol)
           Bond            U-B    Proper Dih.          LJ-14     Coulomb-14
    9.32609e+03    5.64974e+03    2.65889e+03    1.39404e+04   -1.15219e+04
        LJ (SR)   Coulomb (SR)   Coul. recip.      Potential    Kinetic En.
    3.85029e+02    3.35794e+03    5.06310e+02    2.43025e+04    1.37716e+04
   Total Energy  Conserved En.    Temperature Pressure (bar)   Constr. rmsd
    3.80741e+04    3.26720e+04    2.98521e+02    1.64789e+02    2.06347e-06

           Step           Time
           3000        6.00000

   Energies (kJ/mol)
           Bond            U-B    Proper Dih.          LJ-14     Coulomb-14
    9.33774e+03    5.77453e+03    2.71816e+03    1.40110e+04   -1.15256e+04
        LJ (SR)   Coulomb (SR)   Coul. recip.      Potential    Kinetic En.
    3.34120e+02    3.36381e+03    5.07997e+02    2.45217e+04    1.35401e+04
   Total Energy  Conserved En.    Temperature Pressure (bar)   Constr. rmsd
    3.80619e+04    3.26804e+04    2.93504e+02    1.93380e+02    1.98890e-06

           Step           Time
           4000        8.00000

   Energies (kJ/mol)
           Bond            U-B    Proper Dih.          LJ-14     Coulomb-14
    9.15956e+03    5.89600e+03    2.84807e+03    1.40698e+04   -1.15334e+04
        LJ (SR)   Coulomb (SR)   Coul. recip.      Potential    Kinetic En.
    3.53479e+02    3.33275e+03    5.14389e+02    2.46407e+04    1.38541e+04
   Total Energy  Conserved En.    Temperature Pressure (bar)   Constr. rmsd
    3.84947e+04    3.26674e+04    3.00308e+02    3.26042e+02    2.14420e-06

           Step           Time
           5000       10.00000

   Energies (kJ/mol)
           Bond            U-B    Proper Dih.          LJ-14     Coulomb-14
    9.53925e+03    6.14578e+03    2.87506e+03    1.39970e+04   -1.15225e+04
        LJ (SR)   Coulomb (SR)   Coul. recip.      Potential    Kinetic En.
    2.90897e+02    3.35761e+03    5.17280e+02    2.52004e+04    1.40170e+04
   Total Energy  Conserved En.    Temperature Pressure (bar)   Constr. rmsd
    3.92174e+04    3.26926e+04    3.03840e+02    1.27690e+02    2.25317e-06

           Step           Time
           6000       12.00000

   Energies (kJ/mol)
           Bond            U-B    Proper Dih.          LJ-14     Coulomb-14
    9.54135e+03    6.21472e+03    2.87988e+03    1.40567e+04   -1.15551e+04
        LJ (SR)   Coulomb (SR)   Coul. recip.      Potential    Kinetic En.
    1.40025e+02    3.34698e+03    5.02896e+02    2.51274e+04    1.35522e+04
   Total Energy  Conserved En.    Temperature Pressure (bar)   Constr. rmsd
    3.86797e+04    3.27127e+04    2.93766e+02    2.12545e+02    2.23697e-06

           Step           Time
           7000       14.00000

   Energies (kJ/mol)
           Bond            U-B    Proper Dih.          LJ-14     Coulomb-14
    9.57270e+03    6.42045e+03    2.83393e+03    1.40619e+04   -1.15385e+04
        LJ (SR)   Coulomb (SR)   Coul. recip.      Potential    Kinetic En.
    2.44369e+02    3.34880e+03    5.08308e+02    2.54520e+04    1.39472e+04
   Total Energy  Conserved En.    Temperature Pressure (bar)   Constr. rmsd
    3.93991e+04    3.27105e+04    3.02327e+02    1.96091e+02    1.97355e-06

           Step           Time
           8000       16.00000

   Energies (kJ/mol)
           Bond            U-B    Proper Dih.          LJ-14     Coulomb-14
    9.47657e+03    6.54630e+03    3.02154e+03    1.40952e+04   -1.15000e+04
        LJ (SR)   Coulomb (SR)   Coul. recip.      Potential    Kinetic En.
    1.39585e+02    3.34213e+03    4.97944e+02    2.56193e+04    1.40338e+04
   Total Energy  Conserved En.    Temperature Pressure (bar)   Constr. rmsd
    3.96531e+04    3.26968e+04    3.04205e+02    3.66264e+02    2.21740e-06

           Step           Time
           9000       18.00000

   Energies (kJ/mol)
           Bond            U-B    Proper Dih.          LJ-14     Coulomb-14
    9.53320e+03    6.38309e+03    2.81540e+03    1.38730e+04   -1.14914e+04
        LJ (SR)   Coulomb (SR)   Coul. recip.      Potential    Kinetic En.
    1.04522e+01    3.31244e+03    5.09999e+02    2.49463e+04    1.40781e+04
   Total Energy  Conserved En.    Temperature Pressure (bar)   Constr. rmsd
    3.90244e+04    3.26879e+04    3.05165e+02   -6.81886e+01    2.36041e-06

           Step           Time
          10000       20.00000

   Energies (kJ/mol)
           Bond            U-B    Proper Dih.          LJ-14     Coulomb-14
    9.77754e+03    6.33549e+03    2.97921e+03    1.39246e+04   -1.15194e+04
        LJ (SR)   Coulomb (SR)   Coul. recip.      Potential    Kinetic En.
   -2.96988e+02    3.34168e+03    5.03539e+02    2.50457e+04    1.37041e+04
   Total Energy  Conserved En.    Temperature Pressure (bar)   Constr. rmsd
    3.87498e+04    3.27161e+04    2.97058e+02   -9.91001e+01    2.22598e-06

           Step           Time
          11000       22.00000

   Energies (kJ/mol)
           Bond            U-B    Proper Dih.          LJ-14     Coulomb-14
    9.59531e+03    6.54815e+03    2.97154e+03    1.41428e+04   -1.15322e+04
        LJ (SR)   Coulomb (SR)   Coul. recip.      Potential    Kinetic En.
   -2.18860e+02    3.29430e+03    4.99450e+02    2.53004e+04    1.41357e+04
   Total Energy  Conserved En.    Temperature Pressure (bar)   Constr. rmsd
    3.94361e+04    3.27081e+04    3.06413e+02    1.74293e+02    2.38132e-06

           Step           Time
          12000       24.00000

   Energies (kJ/mol)
           Bond            U-B    Proper Dih.          LJ-14     Coulomb-14
    9.56257e+03    6.65924e+03    2.91916e+03    1.39303e+04   -1.15505e+04
        LJ (SR)   Coulomb (SR)   Coul. recip.      Potential    Kinetic En.
   -2.80619e+02    3.34174e+03    5.05344e+02    2.50872e+04    1.38904e+04
   Total Energy  Conserved En.    Temperature Pressure (bar)   Constr. rmsd
    3.89776e+04    3.27206e+04    3.01097e+02   -3.84214e+01    2.20696e-06

           Step           Time
          13000       26.00000

   Energies (kJ/mol)
           Bond            U-B    Proper Dih.          LJ-14     Coulomb-14
    9.64219e+03    6.58434e+03    2.91362e+03    1.39316e+04   -1.15269e+04
        LJ (SR)   Coulomb (SR)   Coul. recip.      Potential    Kinetic En.
   -2.99106e+02    3.31117e+03    5.08570e+02    2.50654e+04    1.37928e+04
   Total Energy  Conserved En.    Temperature Pressure (bar)   Constr. rmsd
    3.88583e+04    3.27206e+04    2.98981e+02    6.45163e+01    2.22681e-06

           Step           Time
          14000       28.00000

   Energies (kJ/mol)
           Bond            U-B    Proper Dih.          LJ-14     Coulomb-14
    9.73049e+03    6.57155e+03    3.00295e+03    1.39483e+04   -1.15042e+04
        LJ (SR)   Coulomb (SR)   Coul. recip.      Potential    Kinetic En.
   -3.82482e+02    3.33410e+03    4.88219e+02    2.51889e+04    1.39380e+04
   Total Energy  Conserved En.    Temperature Pressure (bar)   Constr. rmsd
    3.91270e+04    3.27426e+04    3.02129e+02   -4.87776e+01    2.15942e-06

           Step           Time
          15000       30.00000

   Energies (kJ/mol)
           Bond            U-B    Proper Dih.          LJ-14     Coulomb-14
    9.78246e+03    6.63144e+03    2.97815e+03    1.40231e+04   -1.15094e+04
        LJ (SR)   Coulomb (SR)   Coul. recip.      Potential    Kinetic En.
   -7.49547e+02    3.32161e+03    4.93374e+02    2.49712e+04    1.39302e+04
   Total Energy  Conserved En.    Temperature Pressure (bar)   Constr. rmsd
    3.89014e+04    3.27331e+04    3.01959e+02    5.71168e+01    2.13247e-06

           Step           Time
          16000       32.00000

   Energies (kJ/mol)
           Bond            U-B    Proper Dih.          LJ-14     Coulomb-14
    9.75412e+03    6.77490e+03    3.13226e+03    1.40308e+04   -1.15270e+04
        LJ (SR)   Coulomb (SR)   Coul. recip.      Potential    Kinetic En.
   -8.83508e+02    3.34565e+03    4.98623e+02    2.51258e+04    1.39968e+04
   Total Energy  Conserved En.    Temperature Pressure (bar)   Constr. rmsd
    3.91226e+04    3.27384e+04    3.03402e+02    1.05097e+02    2.47556e-06

           Step           Time
          17000       34.00000

   Energies (kJ/mol)
           Bond            U-B    Proper Dih.          LJ-14     Coulomb-14
    9.55895e+03    6.82577e+03    2.98574e+03    1.40874e+04   -1.15440e+04
        LJ (SR)   Coulomb (SR)   Coul. recip.      Potential    Kinetic En.
   -8.27624e+02    3.32714e+03    4.85314e+02    2.48986e+04    1.37436e+04
   Total Energy  Conserved En.    Temperature Pressure (bar)   Constr. rmsd
    3.86422e+04    3.27455e+04    2.97914e+02    2.62665e+02    2.25690e-06

           Step           Time
          18000       36.00000

   Energies (kJ/mol)
           Bond            U-B    Proper Dih.          LJ-14     Coulomb-14
    9.62833e+03    6.74044e+03    3.03616e+03    1.39541e+04   -1.15137e+04
        LJ (SR)   Coulomb (SR)   Coul. recip.      Potential    Kinetic En.
   -8.79522e+02    3.30256e+03    4.74434e+02    2.47428e+04    1.35953e+04
   Total Energy  Conserved En.    Temperature Pressure (bar)   Constr. rmsd
    3.83381e+04    3.27432e+04    2.94700e+02   -8.99164e+01    2.28440e-06

           Step           Time
          19000       38.00000

   Energies (kJ/mol)
           Bond            U-B    Proper Dih.          LJ-14     Coulomb-14
    9.71882e+03    6.98782e+03    3.18460e+03    1.39483e+04   -1.15254e+04
        LJ (SR)   Coulomb (SR)   Coul. recip.      Potential    Kinetic En.
   -1.08653e+03    3.26927e+03    4.90830e+02    2.49877e+04    1.37928e+04
   Total Energy  Conserved En.    Temperature Pressure (bar)   Constr. rmsd
    3.87805e+04    3.27582e+04    2.98980e+02   -1.29501e+02    2.30055e-06

           Step           Time
          20000       40.00000

   Energies (kJ/mol)
           Bond            U-B    Proper Dih.          LJ-14     Coulomb-14
    9.58852e+03    6.81613e+03    2.96210e+03    1.41738e+04   -1.15397e+04
        LJ (SR)   Coulomb (SR)   Coul. recip.      Potential    Kinetic En.
   -1.41465e+03    3.30778e+03    4.68323e+02    2.43623e+04    1.38544e+04
   Total Energy  Conserved En.    Temperature Pressure (bar)   Constr. rmsd
    3.82166e+04    3.27357e+04    3.00315e+02    2.92223e+02    2.30540e-06

           Step           Time
          21000       42.00000

   Energies (kJ/mol)
           Bond            U-B    Proper Dih.          LJ-14     Coulomb-14
    9.70846e+03    6.91793e+03    3.12070e+03    1.40305e+04   -1.15281e+04
        LJ (SR)   Coulomb (SR)   Coul. recip.      Potential    Kinetic En.
   -1.47673e+03    3.32078e+03    4.54594e+02    2.45482e+04    1.37613e+04
   Total Energy  Conserved En.    Temperature Pressure (bar)   Constr. rmsd
    3.83095e+04    3.27657e+04    2.98297e+02    9.72251e+00    2.32265e-06

           Step           Time
          22000       44.00000

   Energies (kJ/mol)
           Bond            U-B    Proper Dih.          LJ-14     Coulomb-14
    9.67664e+03    6.77147e+03    3.09178e+03    1.40705e+04   -1.15228e+04
        LJ (SR)   Coulomb (SR)   Coul. recip.      Potential    Kinetic En.
   -1.86591e+03    3.29993e+03    4.50283e+02    2.39719e+04    1.39094e+04
   Total Energy  Conserved En.    Temperature Pressure (bar)   Constr. rmsd
    3.78812e+04    3.27596e+04    3.01507e+02    1.02482e+02    2.27890e-06

           Step           Time
          23000       46.00000

   Energies (kJ/mol)
           Bond            U-B    Proper Dih.          LJ-14     Coulomb-14
    9.66794e+03    6.80491e+03    3.10213e+03    1.40983e+04   -1.15200e+04
        LJ (SR)   Coulomb (SR)   Coul. recip.      Potential    Kinetic En.
   -1.92987e+03    3.30248e+03    4.52743e+02    2.39787e+04    1.38970e+04
   Total Energy  Conserved En.    Temperature Pressure (bar)   Constr. rmsd
    3.78756e+04    3.27514e+04    3.01239e+02    8.23802e+01    2.35488e-06

           Step           Time
          24000       48.00000

   Energies (kJ/mol)
           Bond            U-B    Proper Dih.          LJ-14     Coulomb-14
    9.84990e+03    6.82686e+03    3.10958e+03    1.39702e+04   -1.15448e+04
        LJ (SR)   Coulomb (SR)   Coul. recip.      Potential    Kinetic En.
   -2.02622e+03    3.31904e+03    4.36215e+02    2.39409e+04    1.36511e+04
   Total Energy  Conserved En.    Temperature Pressure (bar)   Constr. rmsd
    3.75920e+04    3.27582e+04    2.95909e+02   -9.93377e+01    2.32344e-06

           Step           Time
          25000       50.00000

   Energies (kJ/mol)
           Bond            U-B    Proper Dih.          LJ-14     Coulomb-14
    1.00413e+04    6.93352e+03    3.08202e+03    1.38368e+04   -1.15089e+04
        LJ (SR)   Coulomb (SR)   Coul. recip.      Potential    Kinetic En.
   -2.26877e+03    3.32307e+03    4.36566e+02    2.38755e+04    1.36753e+04
   Total Energy  Conserved En.    Temperature Pressure (bar)   Constr. rmsd
    3.75508e+04    3.27727e+04    2.96433e+02   -2.84259e+02    2.37698e-06

           Step           Time
          26000       52.00000

   Energies (kJ/mol)
           Bond            U-B    Proper Dih.          LJ-14     Coulomb-14
    9.77606e+03    7.13872e+03    3.26664e+03    1.40409e+04   -1.15016e+04
        LJ (SR)   Coulomb (SR)   Coul. recip.      Potential    Kinetic En.
   -2.27751e+03    3.27315e+03    4.21151e+02    2.41375e+04    1.39916e+04
   Total Energy  Conserved En.    Temperature Pressure (bar)   Constr. rmsd
    3.81291e+04    3.27795e+04    3.03290e+02   -3.09481e+01    2.28850e-06

           Step           Time
          27000       54.00000

   Energies (kJ/mol)
           Bond            U-B    Proper Dih.          LJ-14     Coulomb-14
    9.71683e+03    6.74670e+03    3.13706e+03    1.39852e+04   -1.15240e+04
        LJ (SR)   Coulomb (SR)   Coul. recip.      Potential    Kinetic En.
   -2.43064e+03    3.31556e+03    4.10314e+02    2.33571e+04    1.38032e+04
   Total Energy  Conserved En.    Temperature Pressure (bar)   Constr. rmsd
    3.71603e+04    3.27662e+04    2.99207e+02   -3.76454e+01    2.21458e-06

           Step           Time
          28000       56.00000

   Energies (kJ/mol)
           Bond            U-B    Proper Dih.          LJ-14     Coulomb-14
    9.73495e+03    7.06691e+03    3.17950e+03    1.39870e+04   -1.15244e+04
        LJ (SR)   Coulomb (SR)   Coul. recip.      Potential    Kinetic En.
   -2.73026e+03    3.30577e+03    4.11754e+02    2.34312e+04    1.37804e+04
   Total Energy  Conserved En.    Temperature Pressure (bar)   Constr. rmsd
    3.72116e+04    3.27881e+04    2.98712e+02    3.17733e+00    2.28092e-06

           Step           Time
          29000       58.00000

   Energies (kJ/mol)
           Bond            U-B    Proper Dih.          LJ-14     Coulomb-14
    9.97950e+03    7.03202e+03    3.16517e+03    1.40295e+04   -1.15284e+04
        LJ (SR)   Coulomb (SR)   Coul. recip.      Potential    Kinetic En.
   -2.78707e+03    3.28687e+03    4.15096e+02    2.35926e+04    1.38468e+04
   Total Energy  Conserved En.    Temperature Pressure (bar)   Constr. rmsd
    3.74394e+04    3.27829e+04    3.00150e+02   -2.13388e+01    2.27658e-06

           Step           Time
          30000       60.00000

   Energies (kJ/mol)
           Bond            U-B    Proper Dih.          LJ-14     Coulomb-14
    9.67047e+03    6.80010e+03    3.10735e+03    1.41617e+04   -1.15169e+04
        LJ (SR)   Coulomb (SR)   Coul. recip.      Potential    Kinetic En.
   -2.93871e+03    3.31407e+03    4.12018e+02    2.30102e+04    1.39427e+04
   Total Energy  Conserved En.    Temperature Pressure (bar)   Constr. rmsd
    3.69529e+04    3.27683e+04    3.02230e+02    2.87587e+02    2.43527e-06

           Step           Time
          31000       62.00000

   Energies (kJ/mol)
           Bond            U-B    Proper Dih.          LJ-14     Coulomb-14
    9.77942e+03    6.99172e+03    3.25353e+03    1.42001e+04   -1.15156e+04
        LJ (SR)   Coulomb (SR)   Coul. recip.      Potential    Kinetic En.
   -2.88635e+03    3.26800e+03    3.93504e+02    2.34843e+04    1.34395e+04
   Total Energy  Conserved En.    Temperature Pressure (bar)   Constr. rmsd
    3.69238e+04    3.28016e+04    2.91322e+02    3.31404e+02    2.23635e-06

           Step           Time
          32000       64.00000

   Energies (kJ/mol)
           Bond            U-B    Proper Dih.          LJ-14     Coulomb-14
    9.78064e+03    7.06833e+03    3.10256e+03    1.40617e+04   -1.15354e+04
        LJ (SR)   Coulomb (SR)   Coul. recip.      Potential    Kinetic En.
   -2.99283e+03    3.32022e+03    4.05789e+02    2.32110e+04    1.38158e+04
   Total Energy  Conserved En.    Temperature Pressure (bar)   Constr. rmsd
    3.70268e+04    3.27907e+04    2.99479e+02    5.27995e-01    2.29935e-06

           Step           Time
          33000       66.00000

   Energies (kJ/mol)
           Bond            U-B    Proper Dih.          LJ-14     Coulomb-14
    9.99579e+03    6.86477e+03    3.10130e+03    1.40200e+04   -1.15215e+04
        LJ (SR)   Coulomb (SR)   Coul. recip.      Potential    Kinetic En.
   -3.37390e+03    3.30845e+03    3.93701e+02    2.27887e+04    1.38919e+04
   Total Energy  Conserved En.    Temperature Pressure (bar)   Constr. rmsd
    3.66806e+04    3.27700e+04    3.01129e+02   -6.36552e+01    2.45822e-06

           Step           Time
          34000       68.00000

   Energies (kJ/mol)
           Bond            U-B    Proper Dih.          LJ-14     Coulomb-14
    9.81848e+03    7.18545e+03    3.08835e+03    1.40677e+04   -1.15269e+04
        LJ (SR)   Coulomb (SR)   Coul. recip.      Potential    Kinetic En.
   -3.32028e+03    3.30606e+03    3.91834e+02    2.30108e+04    1.38510e+04
   Total Energy  Conserved En.    Temperature Pressure (bar)   Constr. rmsd
    3.68618e+04    3.27961e+04    3.00241e+02    4.68029e+01    2.28745e-06

           Step           Time
          35000       70.00000

   Energies (kJ/mol)
           Bond            U-B    Proper Dih.          LJ-14     Coulomb-14
    9.65110e+03    7.07324e+03    3.05931e+03    1.41716e+04   -1.15259e+04
        LJ (SR)   Coulomb (SR)   Coul. recip.      Potential    Kinetic En.
   -3.43392e+03    3.26894e+03    3.93030e+02    2.26574e+04    1.38227e+04
   Total Energy  Conserved En.    Temperature Pressure (bar)   Constr. rmsd
    3.64801e+04    3.27979e+04    2.99629e+02    2.79724e+02    2.33914e-06

           Step           Time
          36000       72.00000

   Energies (kJ/mol)
           Bond            U-B    Proper Dih.          LJ-14     Coulomb-14
    9.49706e+03    7.04936e+03    3.18444e+03    1.42179e+04   -1.15228e+04
        LJ (SR)   Coulomb (SR)   Coul. recip.      Potential    Kinetic En.
   -3.18422e+03    3.30115e+03    3.81909e+02    2.29248e+04    1.39003e+04
   Total Energy  Conserved En.    Temperature Pressure (bar)   Constr. rmsd
    3.68251e+04    3.27860e+04    3.01312e+02    3.92769e+02    2.18015e-06

           Step           Time
          37000       74.00000

   Energies (kJ/mol)
           Bond            U-B    Proper Dih.          LJ-14     Coulomb-14
    9.68475e+03    6.90352e+03    3.13451e+03    1.40464e+04   -1.15059e+04
        LJ (SR)   Coulomb (SR)   Coul. recip.      Potential    Kinetic En.
   -3.53249e+03    3.23725e+03    3.94634e+02    2.23626e+04    1.36688e+04
   Total Energy  Conserved En.    Temperature Pressure (bar)   Constr. rmsd
    3.60314e+04    3.27809e+04    2.96292e+02   -4.61377e+00    2.46606e-06

           Step           Time
          38000       76.00000

   Energies (kJ/mol)
           Bond            U-B    Proper Dih.          LJ-14     Coulomb-14
    9.55109e+03    6.84247e+03    3.13842e+03    1.41058e+04   -1.15027e+04
        LJ (SR)   Coulomb (SR)   Coul. recip.      Potential    Kinetic En.
   -3.46986e+03    3.27635e+03    3.76854e+02    2.23185e+04    1.40270e+04
   Total Energy  Conserved En.    Temperature Pressure (bar)   Constr. rmsd
    3.63455e+04    3.27797e+04    3.04058e+02    2.11673e+02    2.32900e-06

           Step           Time
          39000       78.00000

   Energies (kJ/mol)
           Bond            U-B    Proper Dih.          LJ-14     Coulomb-14
    9.61203e+03    7.19627e+03    3.21182e+03    1.41904e+04   -1.15738e+04
        LJ (SR)   Coulomb (SR)   Coul. recip.      Potential    Kinetic En.
   -3.46691e+03    3.26200e+03    3.84174e+02    2.28160e+04    1.37477e+04
   Total Energy  Conserved En.    Temperature Pressure (bar)   Constr. rmsd
    3.65637e+04    3.28132e+04    2.98003e+02    2.89050e+02    2.23400e-06

           Step           Time
          40000       80.00000

   Energies (kJ/mol)
           Bond            U-B    Proper Dih.          LJ-14     Coulomb-14
    9.99338e+03    7.05569e+03    3.08682e+03    1.39761e+04   -1.15393e+04
        LJ (SR)   Coulomb (SR)   Coul. recip.      Potential    Kinetic En.
   -3.99588e+03    3.28395e+03    3.86037e+02    2.22469e+04    1.36024e+04
   Total Energy  Conserved En.    Temperature Pressure (bar)   Constr. rmsd
    3.58493e+04    3.28124e+04    2.94854e+02   -1.70040e+02    2.19324e-06

           Step           Time
          41000       82.00000

   Energies (kJ/mol)
           Bond            U-B    Proper Dih.          LJ-14     Coulomb-14
    9.84886e+03    7.03597e+03    3.14289e+03    1.40587e+04   -1.15292e+04
        LJ (SR)   Coulomb (SR)   Coul. recip.      Potential    Kinetic En.
   -3.80778e+03    3.25412e+03    3.68569e+02    2.23721e+04    1.37369e+04
   Total Energy  Conserved En.    Temperature Pressure (bar)   Constr. rmsd
    3.61090e+04    3.27939e+04    2.97768e+02   -1.13083e+01    2.21346e-06

           Step           Time
          42000       84.00000

   Energies (kJ/mol)
           Bond            U-B    Proper Dih.          LJ-14     Coulomb-14
    1.00246e+04    7.10134e+03    3.12059e+03    1.39283e+04   -1.15083e+04
        LJ (SR)   Coulomb (SR)   Coul. recip.      Potential    Kinetic En.
   -4.00748e+03    3.27577e+03    3.66454e+02    2.23012e+04    1.39499e+04
   Total Energy  Conserved En.    Temperature Pressure (bar)   Constr. rmsd
    3.62511e+04    3.27936e+04    3.02385e+02   -2.55174e+02    2.32442e-06

           Step           Time
          43000       86.00000

   Energies (kJ/mol)
           Bond            U-B    Proper Dih.          LJ-14     Coulomb-14
    9.87511e+03    7.04312e+03    3.18978e+03    1.39284e+04   -1.15338e+04
        LJ (SR)   Coulomb (SR)   Coul. recip.      Potential    Kinetic En.
   -3.69375e+03    3.29922e+03    3.69370e+02    2.24774e+04    1.36382e+04
   Total Energy  Conserved En.    Temperature Pressure (bar)   Constr. rmsd
    3.61156e+04    3.27949e+04    2.95629e+02   -1.98840e+02    2.21295e-06

           Step           Time
          44000       88.00000

   Energies (kJ/mol)
           Bond            U-B    Proper Dih.          LJ-14     Coulomb-14
    9.80927e+03    7.10363e+03    3.09294e+03    1.40117e+04   -1.15501e+04
        LJ (SR)   Coulomb (SR)   Coul. recip.      Potential    Kinetic En.
   -3.76579e+03    3.24654e+03    3.70674e+02    2.23189e+04    1.36917e+04
   Total Energy  Conserved En.    Temperature Pressure (bar)   Constr. rmsd
    3.60105e+04    3.27977e+04    2.96788e+02   -6.24247e+01    2.32922e-06

           Step           Time
          45000       90.00000

   Energies (kJ/mol)
           Bond            U-B    Proper Dih.          LJ-14     Coulomb-14
    9.97214e+03    7.02033e+03    3.23134e+03    1.40054e+04   -1.15475e+04
        LJ (SR)   Coulomb (SR)   Coul. recip.      Potential    Kinetic En.
   -3.90898e+03    3.22565e+03    3.72102e+02    2.23705e+04    1.41708e+04
   Total Energy  Conserved En.    Temperature Pressure (bar)   Constr. rmsd
    3.65413e+04    3.27808e+04    3.07175e+02   -9.20871e+01    2.32865e-06

           Step           Time
          46000       92.00000

   Energies (kJ/mol)
           Bond            U-B    Proper Dih.          LJ-14     Coulomb-14
    9.88343e+03    7.24910e+03    3.26408e+03    1.39604e+04   -1.15347e+04
        LJ (SR)   Coulomb (SR)   Coul. recip.      Potential    Kinetic En.
   -3.93615e+03    3.25118e+03    3.61832e+02    2.24991e+04    1.38659e+04
   Total Energy  Conserved En.    Temperature Pressure (bar)   Constr. rmsd
    3.63651e+04    3.28133e+04    3.00565e+02   -2.73772e+02    2.22500e-06

           Step           Time
          47000       94.00000

   Energies (kJ/mol)
           Bond            U-B    Proper Dih.          LJ-14     Coulomb-14
    1.00138e+04    7.13338e+03    3.30257e+03    1.39674e+04   -1.15190e+04
        LJ (SR)   Coulomb (SR)   Coul. recip.      Potential    Kinetic En.
   -4.01789e+03    3.26825e+03    3.51634e+02    2.25001e+04    1.39161e+04
   Total Energy  Conserved En.    Temperature Pressure (bar)   Constr. rmsd
    3.64162e+04    3.28070e+04    3.01653e+02   -2.51351e+02    2.45174e-06

           Step           Time
          48000       96.00000

   Energies (kJ/mol)
           Bond            U-B    Proper Dih.          LJ-14     Coulomb-14
    9.67242e+03    7.07467e+03    3.15693e+03    1.41175e+04   -1.15049e+04
        LJ (SR)   Coulomb (SR)   Coul. recip.      Potential    Kinetic En.
   -4.13725e+03    3.25178e+03    3.64307e+02    2.19955e+04    1.37410e+04
   Total Energy  Conserved En.    Temperature Pressure (bar)   Constr. rmsd
    3.57365e+04    3.27917e+04    2.97858e+02    1.14751e+02    2.23487e-06

           Step           Time
          49000       98.00000

   Energies (kJ/mol)
           Bond            U-B    Proper Dih.          LJ-14     Coulomb-14
    9.71647e+03    7.12250e+03    3.23830e+03    1.41742e+04   -1.15255e+04
        LJ (SR)   Coulomb (SR)   Coul. recip.      Potential    Kinetic En.
   -4.05784e+03    3.25060e+03    3.49852e+02    2.22685e+04    1.37995e+04
   Total Energy  Conserved En.    Temperature Pressure (bar)   Constr. rmsd
    3.60681e+04    3.28046e+04    2.99126e+02    2.62646e+02    2.36804e-06

           Step           Time
          50000      100.00000

Writing checkpoint, step 50000 at Sat May 11 10:17:30 2024


   Energies (kJ/mol)
           Bond            U-B    Proper Dih.          LJ-14     Coulomb-14
    9.69694e+03    7.33921e+03    3.36449e+03    1.41071e+04   -1.15498e+04
        LJ (SR)   Coulomb (SR)   Coul. recip.      Potential    Kinetic En.
   -3.84216e+03    3.27239e+03    3.62675e+02    2.27508e+04    1.37125e+04
   Total Energy  Conserved En.    Temperature Pressure (bar)   Constr. rmsd
    3.64634e+04    3.28135e+04    2.97240e+02    9.13068e+01    2.25805e-06


Energy conservation over simulation part #1 of length 100 ps, time 0 to 100 ps
  Conserved energy drift: 1.48e-03 kJ/mol/ps per atom


	<======  ###############  ==>
	<====  A V E R A G E S  ====>
	<==  ###############  ======>

	Statistics over 50001 steps using 501 frames

   Energies (kJ/mol)
           Bond            U-B    Proper Dih.          LJ-14     Coulomb-14
    9.72080e+03    6.75993e+03    3.05182e+03    1.40135e+04   -1.15300e+04
        LJ (SR)   Coulomb (SR)   Coul. recip.      Potential    Kinetic En.
   -1.97695e+03    3.30605e+03    4.37828e+02    2.37829e+04    1.38308e+04
   Total Energy  Conserved En.    Temperature Pressure (bar)   Constr. rmsd
    3.76137e+04    3.27540e+04    2.99804e+02    1.06684e+01    0.00000e+00

   Total Virial (kJ/mol)
    4.58854e+03    1.03947e+01   -5.94464e+00
    1.03944e+01    4.52700e+03    1.48998e+01
   -5.94545e+00    1.48990e+01    4.50710e+03

   Pressure (bar)
    3.68358e+00   -1.24944e+00   -8.35477e-01
   -1.24940e+00    1.35864e+01   -3.42305e+00
   -8.35353e-01   -3.42293e+00    1.47351e+01


	M E G A - F L O P S   A C C O U N T I N G

 NB=Group-cutoff nonbonded kernels    NxN=N-by-N cluster Verlet kernels
 RF=Reaction-Field  VdW=Van der Waals  QSTab=quadratic-spline table
 W3=SPC/TIP3p  W4=TIP4p (single or pairs)
 V&F=Potential and force  V=Potential only  F=Force only

 Computing:                               M-Number         M-Flops  % Flops
-----------------------------------------------------------------------------
 Pair Search distance check             599.137868        5392.241     0.1
 NxN Ewald Elec. + LJ [F]             78337.373520     6110315.135    80.9
 NxN Ewald Elec. + LJ [V&F]             793.024176      102300.119     1.4
 NxN LJ [F]                              27.346752        1230.604     0.0
 NxN LJ [V&F]                             0.270528          17.584     0.0
 NxN Ewald Elec. [F]                    783.070640       47767.309     0.6
 NxN Ewald Elec. [V&F]                    7.938480         666.832     0.0
 1,4 nonbonded interactions             405.008100       36450.729     0.5
 Calc Weights                           675.013500       24300.486     0.3
 Spread Q Bspline                     14400.288000       28800.576     0.4
 Gather F Bspline                     14400.288000       86401.728     1.1
 3D-FFT                              102183.043620      817464.349    10.8
 Solve PME                             1680.033600      107522.150     1.4
 Reset In Box                             2.817000           8.451     0.0
 CG-CoM                                   2.821500           8.464     0.0
 Bonds                                  105.002100        6195.124     0.1
 Propers                                450.009000      103052.061     1.4
 Virial                                   2.277045          40.987     0.0
 Stop-CM                                  2.259000          22.590     0.0
 Calc-Ekin                               45.009000        1215.243     0.0
 Lincs                                  120.007200        7200.432     0.1
 Lincs-Mat                              540.032400        2160.130     0.0
 Constraint-V                           240.009600        2160.086     0.0
 Constraint-Vir                           1.202400          28.858     0.0
 Urey-Bradley                           360.007200       65881.318     0.9
-----------------------------------------------------------------------------
 Total                                                 7556603.585   100.0
-----------------------------------------------------------------------------


    D O M A I N   D E C O M P O S I T I O N   S T A T I S T I C S

 av. #atoms communicated per step for force:  2 x 0.0


      R E A L   C Y C L E   A N D   T I M E   A C C O U N T I N G

On 1 MPI rank, each using 8 OpenMP threads

 Activity:              Num   Num      Call    Wall time         Giga-Cycles
                        Ranks Threads  Count      (s)         total sum    %
--------------------------------------------------------------------------------
 Domain decomp.            1    8        626       0.752          7.165   1.0
 Neighbor search           1    8        626       0.746          7.103   0.9
 Force                     1    8      50001      56.101        534.253  71.0
 PME mesh                  1    8      50001      17.942        170.865  22.7
 NB X/F buffer ops.        1    8      99376       0.920          8.757   1.2
 Write traj.               1    8         11       0.073          0.691   0.1
 Update                    1    8      50001       0.447          4.258   0.6
 Constraints               1    8      50003       1.580         15.042   2.0
 Rest                                              0.510          4.854   0.6
--------------------------------------------------------------------------------
 Total                                            79.070        752.987 100.0
--------------------------------------------------------------------------------
 Breakdown of PME mesh activities
--------------------------------------------------------------------------------
 PME spread                1    8      50001       5.320         50.661   6.7
 PME gather                1    8      50001       3.408         32.457   4.3
 PME 3D-FFT                1    8     100002       8.140         77.520  10.3
 PME solve Elec            1    8      50001       0.974          9.272   1.2
--------------------------------------------------------------------------------

               Core t (s)   Wall t (s)        (%)
       Time:      632.555       79.070      800.0
                 (ns/day)    (hour/ns)
Performance:      109.273        0.220
Finished mdrun on rank 0 Sat May 11 10:17:31 2024

